<?xml version="1.0" encoding="UTF-8"?>
<testsuite xmlns:xsi="http://www.w3.org/2001/XMLSchema-instance" xsi:noNamespaceSchemaLocation="https://maven.apache.org/surefire/maven-surefire-plugin/xsd/surefire-test-report.xsd" version="3.0.2" name="com.banxia.UUIDTest" time="0.08" tests="1" errors="0" skipped="0" failures="0">
  <properties>
[...]
</properties>
  <testcase name="testUUID" classname="com.banxia.UUIDTest" time="0.079">
    <system-out><![CDATA[0ad6cd22-97b0-4106-8d31-a66ba80c2326
60da2655-fbdc-4e2c-b9b2-4b92e4fd86ae
7c40f32f-2146-4131-b5dd-b2919983fd48
8f355725-f1ec-4b47-8ac2-b95090317f87
630c71fa-5c32-4c47-9a97-1649bdb6b253
62c3b510-a272-44f0-b1a3-6e1b1bf2136e
36102e03-d668-42b4-a347-6f930fb719e3
c0538bfd-2552-411b-9c35-e5783a7748c0
2487b1e3-604b-4282-b6b4-39a223ecca09
e6649cfc-9a94-4bb2-a5bd-c748988cde5e
eca5de4b-52c1-4bfc-ba20-a5d79567923e
c1d2fd45-4d66-4998-83a4-b9f1f2267bea
919a339a-701c-4ed8-960d-03f2eca34b3f
328f6fc5-6c01-47e8-813b-07c9561e6fce
244e20be-3580-4f7d-b922-28d3dc3c0399
7259230f-507a-4013-aa90-6de00897c883
3c8b8021-7ae8-4631-b7ee-dfbb00d4c741
2ed7a07d-3e6c-4aaf-b78c-846adde009be
b1eab107-7b7a-4121-8d7b-e653a17b29ca
b37a3c09-cbe6-4194-99e4-336d32c78de9
7a9672f4-bec6-41bc-8ab5-9e2e8d35240d
1c2533ef-d6c1-47a9-a5f5-20baed398373
3f446113-f7f7-445c-9c10-404aac338306
86c6b8de-6ce4-4ae0-9f01-47576d8ce7a5
53229f9f-20f7-4f5b-b38e-e0dc67df2c5e
b7c79a14-259c-4a28-9879-93c60ec46c4e
937f04e8-70ea-4cfd-b15a-bad3337eac5a
355c97d0-9010-41df-b409-a830e3e890d2
20d9e5ef-5f91-4120-81e3-bf747355b133
68fc1071-303f-4cdc-a699-c64132d28213
803dedb2-e401-4c91-ad4c-ce7963c461f6
43b6e46f-89ea-425e-976a-66aee85e6494
6687971e-5857-4674-b2b0-8f6e333d1474
777802dc-77be-40f8-8d01-716043c85b1a
a00131ba-799a-413c-9a0e-2ba2d40f817a
2022d5ca-537b-4db8-a4e0-01ed22f4ee9d
7adfcd89-e01e-4929-b376-4f9f9dd990a5
496c2517-133c-4536-a515-624d72f88609
49f375bd-b3b5-40de-ac18-5a5802d98422
3182f086-7091-4b60-9472-5853624b8690
2c6a5a5a-0a81-4ebc-b83c-9f220830a3c7
7bb30fd4-c41b-4b6b-a61e-e17eca847773
0c2a4bf6-1180-4306-9934-0d7ac6403b8b
bdc2d46b-247b-4f40-a557-5c7adc133a3f
aa2b8861-bc1a-482b-b8c4-d6c7a2d46cd7
2ad4ff54-b113-42d1-84c8-e81ff29e7afe
76bc57f0-e7f8-47cb-a397-5a767d96df2f
bc205204-0c3d-431b-ab7c-603fe12af3a3
cad3e0e6-5b43-418e-82a3-9d163d69ad9c
502e6152-8642-4093-a05f-f6df7b36e9ce
5e6262a2-bb07-4139-9405-8e2620aa4044
478dea21-bd92-49f8-a3ed-7d7cab186346
feeecc7f-ded7-4712-a719-23827a69825e
a503eb4e-ee9f-4afc-bcc3-35db8b202636
a517c7d2-3359-4850-beaa-280c4653e4ee
15536cc2-6310-40b1-9d67-2b72c91eee18
73d4eb5c-c74a-40a3-a99e-8cf5078ac3c8
5df2ba4a-b5a6-41ea-ba19-f1428efcc454
b64b4adc-1f84-4fad-981c-5ee3e4e5455c
ffcf344a-45d5-4107-bd49-f5b2159db9b3
88f2aa08-fd93-455d-8680-10d2f3053483
b4195195-a3b7-4c60-807e-ea8da72683ac
a176c276-def7-4830-a29a-4eccde8ae861
39c0e3a2-7d33-47fb-bddb-fada93de9fe9
d22ddf23-1f65-49e1-a37f-07f317f3b124
77e7d437-9fb6-484f-90d2-4f5ccafd977d
49bfb7ee-5bb7-427c-a6e8-335a1bd07053
e42f9348-61b4-42ae-a3d7-2b2cdfc4b7dc
f3359246-19ce-443e-a6c3-6d229e9dc089
3cb98cfe-8083-4ce8-8fbf-d5953de8815f
2a455f21-d7d5-4535-a8b8-55bfccff20bc
5b9f3a45-6e61-40da-b2cc-9eff23c493f7
cd7e2958-92b8-4b09-ac11-4296dd26252e
dbee3c69-7435-4110-92d1-1587e189ac59
a9b01c50-b9e6-4fce-a486-4c1003f7c61a
9f0b5707-0696-4b53-8748-4bf7cbf2abf8
66f4fb28-2be0-4501-b0c1-6b3ca8f59c55
0fd91e21-af13-4792-a58a-aabe249a303a
6c3656dd-75cc-4293-b0e4-17e977a0d7c2
44a6b4b7-c5d7-489c-9651-5d5ca51172a2
163115ab-4d6e-4636-a99d-14e4fed3d61b
20753c99-071f-458c-b5ba-20d8391a7910
7df055c9-5417-4ccc-ae85-d993094a11b8
57d318f5-c1f0-4cc0-b268-b7dda72f5958
833fac4e-f9e9-4a00-b6da-3f66afa24635
eaf5c45b-e189-4a2e-9ffd-2a33933610dd
a5ceacb8-b7d9-4a7e-9baf-faf0441271a3
db9e470b-669f-470b-afef-43ebd24ad7e8
a85ee2d8-c630-4e75-93bc-fa8d79db8f6a
3b5f8897-d56f-4aa6-9400-f63e153bf856
164c1852-cffd-4b2f-8ad0-1e758e65d4b9
2d85e03d-cf25-4edc-9fef-2af5dd115486
33160426-9555-4a60-80ab-22d5e0569ee0
3f940fc1-35c1-4ffa-84c1-2f00ad5f00dd
ba291178-d2a5-4500-81dc-93ed9e137e1c
cc1617af-6c69-4a9b-b1a0-b809883fdf1b
b0874589-dfa0-4f6f-bb2c-5c30792f34ea
781c5466-9bd1-4ab6-b02f-b2610f176cfa
d6aac3d0-09ab-4a7b-b9ad-211ff27e94fb
74d9f12e-c793-4912-8651-dafaf30d8899
25811bb9-32e8-47d7-9b2f-f2ba4367e571
79651dca-37fd-42de-a950-d3c6f037e416
5c45f13b-8c53-431e-acc0-36de94281f53
e42c882f-7832-41fb-ac4d-b85059611769
cf14bec3-879b-4c9a-9041-5c562dde4f0e
efdfd7c1-67b5-4d2f-9b8f-7756543c86c3
3f5329e9-969b-4ada-9a1b-ac717bad7a6a
74993b1e-77da-4bc8-8f99-543ffa2f215b
8fc54ffc-3028-4161-8e5d-8fc16580d4f5
0c45552a-592c-43df-b9b2-b9ac435f5e0e
ee404036-e9b8-4380-84f4-ee2e4733b841
0b7d56e9-c0ca-4162-9671-bd11c14c2292
a2a6d863-3a47-4801-a3c2-2959ef4935ce
25a61c6c-b698-46e2-8817-7cac96fd0e55
9685165e-425b-4329-b706-3375202f9ef3
0b8c2378-e65b-4730-83f8-3b53e2462748
bf70b1e3-04ac-488a-980c-863383c864eb
e7a4d7a2-bbeb-4484-bb73-875cfc58d2a4
ae56a648-ea69-487d-b26b-ef38448b7b94
ad6cbf0f-2802-4f46-b50c-54c2d0aba24d
08c7da6e-2218-4896-b1b5-49dbbcb59e3c
4caba869-a224-4bff-9f10-299db51624dd
39e9b65d-fc12-4c54-88db-28284710e488
0edfcd25-b6de-4830-a588-c2b6b1a93499
63741d8d-959e-4965-89c5-92acd88134c1
0244e676-f024-42d7-b3ca-27e8b3063a86
4d2314f4-00f0-4cab-89c9-f609489c5ec3
608b12ea-fb38-48fb-8338-8f39031833eb
0f41a504-3ea8-402d-a0cd-47c084aa1370
b50d0c76-fc92-4817-be79-deb0edff424a
bc55b6df-9d88-4a40-bc86-fd4714d2afb1
917db4bb-1254-482a-9033-5d6d8cf3495d
fcf147a4-35ec-4018-9e29-f678ffc012aa
da9affbd-de94-4bfd-8562-cad09ef981a6
07d9c3ca-0efd-4c74-8dde-cf9dadca3c6c
39bee15d-b03f-4644-a013-8b4f4b772114
d9c892e9-d08b-4013-a891-f587781bc88a
e1b85128-304a-427d-a502-29f2c94b0e51
786f567e-a9c5-4032-b190-771dd339f67f
928395df-5dcc-407d-9b8d-134bf88ee81d
3e027e51-d9c9-41cd-ab9c-b0e34b44358a
44ee6e6c-d5c5-4623-81c7-85c08d441e9b
692d69c9-48b4-43ea-a418-c53b6fcef4ce
b8e855e0-3b37-443b-becf-b57c62bed455
70a713cd-89c1-4509-98b7-2912136c3f20
4076d10c-be75-49ef-a851-cf0795b45a99
205086e5-e03e-437a-b170-2bd1a6818ca7
7dfecfe4-e709-4a41-9860-d5a09b8522d7
3ddb8a0b-c6a9-4dfe-bac9-60899c2bdd63
5b90b86c-4687-4d10-87e0-695c9739756a
ccc9edec-8f72-4914-9457-a43e132193ec
27125b6d-d5e7-49a1-9aa6-54b87c8124e1
071c1881-6e5f-43d5-ab84-5ef9b05ebcd4
9d484d29-a180-46ed-8408-9dfdbd1eae4e
70827049-648e-4d69-93c6-2d1cf4ed10ec
0b9a4610-783b-4793-b82d-54c3ae81fccb
28f21795-87b0-4490-8b81-4b6f42ef7c87
d0e7888e-cfb5-44fe-9467-258b523063b5
fd9b4dfc-98cb-4740-9ae4-9bb91a236389
8bc6f636-4c96-4025-a714-f1e989c655f8
2b0252c0-4422-4413-b0d4-c82c5b56fe51
650b9e81-adce-4e66-8c84-328150ffbb1d
545f2c7c-0c2d-4af9-9a4e-194917c47b61
d341d3f2-57de-4466-8763-f073d57857bd
bcfc9cbd-220b-4455-86af-a5641ac1e031
4b2af02b-bfc7-415d-9b23-3410a3f2ea51
4446a4b2-116f-4227-b4d7-c7f2a2ebdea6
486ed264-9726-4228-80ad-fb6e4e7232ce
122460bc-df5d-483a-bdae-37e5755dba2f
95edc306-060c-44a7-b1c4-afcf0115fb2a
be690edf-e265-479d-97c4-423cdd09a40a
9fec80cb-da80-4c93-b921-d518022b912f
e8a4def3-155a-4b16-981c-381b04d8358f
81752ab3-fd21-498e-8c54-114f764f3cbc
7838c258-c7f2-43e7-a276-1e019c14ed0d
8f03e22b-f36a-4458-9274-3d11477ee3d1
83dad06b-f5d3-42d0-aecf-2ec3812db67a
bdadfd24-9b7b-4af9-a743-3f7f541f7991
09142c8b-4852-48fc-b8d6-9c715d7c5547
e7fc1900-b3ee-4ff1-8f0a-a8ce15bf95ef
b01f9b9a-8cd5-4a35-818c-e4728d7ea1e0
f13373d7-767d-46e8-9617-c0f5797a915f
f3b2d585-5399-4b5a-8062-605ceb74513d
0c5abcdf-5643-49b7-9459-1439d32e4e77
6e1a9568-204b-4a93-8ba8-1f3beb8ad257
676ce45d-8915-40c9-a5e4-72781d98f40c
7ac9f199-bdc1-4ef1-a9bd-06ce39c99aba
4c07b439-5021-449e-bc38-3604ed41048f
b5941fe0-50fe-48e8-b649-1a1bff3d1e3e
60fa716d-6cb5-45e4-b124-e8b9a789f366
82ca6bf9-ca81-4ea3-b44d-967b42092418
b7f2b7c7-7f13-4829-bad9-80c55b17023b
2d31a7d4-a809-4db4-a9c2-a74ea023f0da
3ae9b590-ee05-404c-8010-2b90079f4697
4fd544ca-14a6-4869-b0df-546be9280393
07f7ae89-abf9-45aa-a368-90a153a8f666
3b143602-527c-43c9-8248-0192a05487bb
10c58485-fe9f-46dc-97b3-0c02a73c91df
fdfc835a-aa30-48df-b438-4fcd1698bdb0
52f96c11-b6dc-41eb-8db9-f493b977431b
a6b7cbf1-6e50-457b-9bf6-de59550412f6
c29a427b-4b41-4e76-9b15-c1b65922a90d
c2a4cdfb-58e1-48ef-9139-0b9330c69e83
09e050b3-4f51-4403-a757-cea85746d522
e062820a-8d68-4c87-9947-86f71c87da60
e9599089-1b76-4265-b408-ea53e249070a
6452259d-405a-4f24-8900-2a7c84d182e5
e7c76d37-108d-41c5-906a-5ecb0562c251
66387bb3-eca5-4120-9e1d-208f3dfae740
41c51586-01e7-497a-8421-3785fd5b3cb9
14a5a0c6-0023-4d57-bc8d-98c4a102ee2f
b9b02251-2355-449c-9656-b0c5de8ff2b8
3957fbae-9a6b-4be6-b2fb-d0ed05192ed0
5498bb53-582a-4620-9f88-45da52d1110a
ed04aeef-e0a5-4481-958b-ac0fe4964fe4
be721050-589f-4272-893f-4aaff911ae4c
7a1d3f60-ae7a-4920-af54-8c06c0075331
1dc63d1a-d995-4c9e-acf2-4bdfbe7833bc
f2cf6907-d5f9-47eb-950b-c8476f50d9b5
87852dc3-de9c-4f8e-b1e7-51236a3f4428
99c66484-a11a-4959-9325-49a9bca50c0d
a63d4bc7-022e-4fdb-90e8-16ee8254cd49
51500370-69cd-4b68-9110-861e600e50cc
aea6a81d-dec7-499a-8d71-537170333152
7f7ffce0-ca06-4ce2-a591-484b5de95b6a
19344b82-4170-45ed-98c6-256f3f2c5a13
cfa8e4aa-4d6b-439b-86b0-a365fb29efca
f0a584fe-0a64-4e33-b404-1273240d04ac
bd7709cd-3170-4e61-9be0-dcb4ba441807
d5c4b157-f849-4e08-b81d-c65715f941b5
cdb225b1-0fcc-4c4e-a4bd-007b5bd521cd
45677c98-ac9b-4217-ae52-7d2e1ac5ed9e
23f883d7-45d5-478a-a2a0-eb94953140e8
fe9b611d-45fe-439a-a58b-c82db1d27c5d
a8593294-397b-4a72-aa9f-be748db5bbe7
65d0877a-a2e3-4a36-836c-0704ee1394b2
09428016-6098-47f5-aa84-c603e11cfa12
d0424599-a891-404b-8d86-26a459e8d498
03e8f454-d0a6-49a3-bd4a-4cab3185cc9b
d22c6c5b-5032-43fa-a253-ff33cfaf7b0d
3b2a77cc-cc37-4e8e-9487-7d85136e6cc4
ea4a3c8d-0da0-4ee0-b911-4b517aa2e3b5
8069eb9e-7249-4ed3-abb9-afd680d66631
6fee046a-0b9d-4b5e-b6b3-900ae76f8c93
e3e5d51c-cdec-489b-a707-0b3c9626f171
3489282d-b867-45b3-9882-683cf72c7795
4d7db0fb-458f-400b-a60a-453f2334caf4
94d515b8-c8e6-4c7f-9ced-f08e6a6699af
00be4a44-886d-4d3f-849f-fbaa06917efe
10ce8ca3-806c-43a9-8eb3-f7371065afbd
bdd75ead-6241-4dac-9d6d-d23e3649b1a0
de48844c-2fc8-4820-83ac-ce188e8e72e9
96d74a3f-a57c-4cac-bade-10023eca8650
b36842b7-79ff-4da1-91e1-3e7dd3442aec
230efca9-2351-4c3f-abbd-354b5b5d0adf
d4e5c516-6da8-413a-8736-ec49da390c39
291f2d85-43dc-4255-b568-70e16369da67
ff804d1a-d0b3-4050-b4ac-9a770b430141
d333c84b-30a4-40d0-811c-ee81472a0647
de1cbfd2-6e0b-420e-955b-6b78fa8b3f93
803d39de-386f-4875-970b-5103fcc93b73
ae352f6e-44fd-4b20-a8e9-6d7ecec83f1b
1e1c38db-3af9-4343-9087-46c9f3a834ce
42a5a85a-83e6-47a7-87f7-2c278f8bdcc8
bb026d33-1ddf-4537-8026-9c74668a398d
82083c13-b552-450c-8498-0daf2b2878f7
c3115e23-d00c-45cd-a373-94d2d1c81891
d237c306-8f7c-43ed-b7a2-7c3a22e1d25a
991bae10-082d-4ae7-8fc2-8d404a1fe639
ff765c63-b61c-4cdb-ae72-9c34881cd741
ff9e0392-b100-4dd1-b36a-1e8b9beafcea
9dc49c7d-5b95-4dfc-a17e-4eb030a0730f
0eb53edc-1357-4d7c-8f79-f15ffa5f2698
828865a7-94c7-4138-8531-538368afcc04
91b85530-ae50-4d60-93f0-d5bb652e68b6
d3fac891-f4eb-4ab2-96b8-e274dd46840b
72dfec75-44bb-4544-9861-eba431a7ffe6
79c341dc-9c71-4f36-a78a-1cfb76a9d598
5e57e1ed-447a-4348-add4-b85f892c0db3
11485b1a-0ab9-425c-bdd0-e45398fd4940
4405f2aa-7613-4d61-91ae-df664c032bdc
99c4b4e0-686b-4988-9440-d2c48fa36046
a4d5008a-993b-4df9-aa64-98c43eaacc59
5424e004-84cd-4518-be35-79de7016a8e1
67e8eb0b-4e03-4fcc-af8f-d515f93df33f
86b50f2a-cf3c-47e1-9fcf-15de8a7206a8
671e1779-0d46-4965-b740-c241452c9142
83274484-28aa-497a-bc26-4b0814f7a143
f8cbab4a-0869-4b94-bfe7-773f35ece478
d154144c-c915-42e3-9b34-9fe64d06e404
7d8baa1d-212f-4d12-bac2-dbc6e03f66ba
fb71a195-c811-4595-85c9-4a3185ef052e
778ca5b2-0a2d-4f64-88b5-4326e322d574
8e3723cc-efaa-400b-a8ab-4a5471440838
cc3b7579-b4cb-4258-b2fd-8a0cd093c8af
f3b859c8-7d90-4247-b2e1-7f0775ae544d
df97cbea-519f-41d2-91e2-04b0d9dc67bd
a752d060-ed6f-4c75-97ca-dda58c8c345d
beb33328-92b8-466b-9a6f-0509a72091e0
b835fd62-88a9-4d4e-8442-1822b0716701
1a4661dc-2b61-4c3c-b364-0b43941c7aca
7aca7d14-66da-4533-8f99-d72c631b17d6
943deb66-37b7-4123-af2d-93cc76bf8171
b5b83a6b-49a1-4577-9417-e786d79dc52c
81d43d1c-d524-4ab8-aa49-91700c1d293e
5eb20f14-017a-4918-b822-7cf3389b891e
1d3de7e2-2731-4859-be98-f54155e56426
903605ea-7901-47bd-bcdb-befb2d829322
5ab72256-dfb4-4829-b700-33d6122f2fba
1103bd4c-7fac-481b-ac07-6829a7fab6af
422c1a8c-0d41-4530-82fa-474b4624f581
6b5859d1-7c32-4a36-9239-23b0e85285dc
14ec843d-fb2e-4886-bed7-c374b1d898ab
ea92aca0-819e-49e7-8d02-fc9be20db58c
c80c7d02-9b04-44ff-8650-2c787482e372
53be64ea-10f0-43c5-a1e4-3582b4ba60ec
ec7b15aa-70ad-4da2-ba8d-2968e65af77f
e2427b88-8838-479a-a73a-699d238a70ee
411f2cbd-b026-4339-9a4c-9ea948963cac
3aac8d5e-9f6c-461c-8201-9391ca05b9ac
ae97be34-d094-4417-ab6c-d61a8a30d0fa
18c14116-0735-4433-bf18-aae09deccb50
4ecdf0e3-e445-466a-8636-be2570347dee
0317253c-87cd-41f8-9e5a-20aae5796a63
ffe2fbca-3fcd-45d8-b584-08a11eeb94ce
ea07c73f-2d35-4ae3-8baf-50ea1c270786
2ded96fe-8cfe-4e46-bc32-9774ec615e0f
5bd9edc5-ff1f-4aac-8e42-23ea6c5817c0
2adacd5d-0646-49e1-a52e-471dba32bb7f
2880433d-b8a1-48b2-9c40-982b67c8a59b
dbbb1fe3-d0b3-4fb8-b0a1-e2d62d84bee8
45241954-0834-474d-8b21-089bcdc82f4e
0432d9d4-cb1d-4582-9fd3-3a1e8a855410
ed2df8f2-3822-4858-ab22-9afbe0e663df
1a9090c5-fec3-4e3f-b37b-19ec3b64bdc2
1857b183-92a2-437b-a4b5-397364b3d774
c53815e7-1a3a-4559-a09a-934cac2be265
eab80ba6-0d38-40e1-999e-20cc1448f2b1
bcce6fb4-5818-4017-8e2b-70a018645f2a
2dcd8d18-3290-41c0-9806-ec3dcbb90767
be540397-b642-46f3-8ffc-8b4c264cdd3e
1879c0ab-aa98-4702-8a57-3646dfc0d2e7
3851ff72-f2b3-4124-99ed-37e4ad79a487
d1662687-0a38-4c1a-8072-bb50dd253c01
90ef08ca-404f-483c-9d81-e832443b0d88
21659c12-fb0f-4f79-8adb-4bca1f56c378
318b0ae2-80ca-4d7f-9e02-98efe45b68c4
f9cf8454-01da-4933-8c91-21b82938c31c
b8fc911a-9765-4725-bb83-ccf4fea63774
5559b98d-bcdc-484e-85f2-baea8edbffdd
eaf0ada0-c6b9-4a74-84dd-048e57eb2617
1812ca05-1264-4417-8e55-0734581eac4e
12bdf123-559c-4762-8493-600d9c5c7fb3
5282fc7c-5b57-47e3-85d8-8adb5f49b6d7
3da09ff9-97cb-4b25-8563-43bee0796882
4d8b94ce-da43-4fe9-9847-2c257eb9ab75
d55256ed-6802-4a00-a8fe-485d1516fb96
8238520f-7609-4614-8131-98affa7d6945
9240cac3-39ef-4c8b-aa48-2d02ccce2ad0
ef3859a9-abb7-4b20-8ba3-8b74171083b8
ad794b7a-d53d-4f27-b3a8-91b104c5446f
6cb40bf0-1087-4924-9eaa-4eca60240357
fb73d86d-23af-4584-b3b0-bb56e31e9533
db183a79-e6b8-4a2a-8d92-a2e4d6ba054b
d5c7e08c-162a-486c-b4a3-c7bcb11cf8f7
ba30534f-a8c8-4cc4-b20c-2cf3d5e05412
e092cdb0-2c81-44ff-89a5-f2bd27971adc
01390e75-70f2-4f01-adea-4f988b90d0d8
748bd160-8023-4432-b525-9b9bc96bc268
cbfe090b-552d-4acf-8078-10d5e1e6efa7
59527c4c-4ba7-44b5-9a8e-92d442a94859
0081808a-0d71-4de4-88ff-d0699b2a8017
0796fbb4-6dd1-4ef5-bfc4-85d1c9e9f8d9
d22465b7-f875-43ad-bf35-8e7f018a00e4
2d016b20-6164-41e1-b2c5-bccf9de18d18
65f08c65-6e96-41d2-86bf-0b88eeeead1c
9c32779b-0646-4ea0-9a52-e3a758668a0f
1b2aa935-35ee-4fb0-91b6-4089887e14e5
4d029c09-6797-401a-b16f-b8f043b54a5a
3b422d8f-6383-4837-a256-3c12615b4aa4
e08170d4-398e-4488-b302-1a2f339dd2d0
d200511f-7919-4f5c-ab49-2ddcb4f98851
a9a1c01b-6365-43ea-a3a3-86f9ef4006bd
943c95b4-e413-4e6c-b490-7056850d242b
86eb6fb3-9a95-4ec1-bc3e-89fa4a70eba6
9e6711e8-d6ba-49a5-a209-dc17760f0580
4cae7cb2-d7ec-4a5c-8792-1d7a63d5ed29
66760a77-43fc-4b15-a9d3-4c2d7b09cdd3
74990e54-15af-474b-8dc0-97d10925e6e4
0539b5bc-bdea-488d-914f-7a0bad555901
35a9299f-3017-4109-bca2-90a2f18b5992
600396db-1d58-4099-a910-5ba7b4e98a97
dda31a66-8097-4b34-b281-e1a94604ae7c
f215972e-893b-4d2e-a969-3557f5397fbe
73f67be9-262d-4466-9e60-9de949111bf1
84d7641f-2f05-4157-8194-7ba9b2ae854e
ba67203f-3199-4ee5-aaed-b288c4339ba4
afb5541c-ce73-49b1-8ed7-24f654b30a1b
953f16a5-72a5-487b-adb7-791e2aa180fd
5fbe8607-35e9-4375-8832-88020d1e0a37
fe75c696-ca23-4941-b935-d080188fcc02
d7f7bf07-1570-4006-b653-85fc7cf0b8c7
cf4ed5e5-ba82-4a41-8fde-900a0b2547ee
104f9460-e474-4a20-8981-016de6d7ac63
acb47107-4e2d-4b54-b78f-de3328c8293f
33556656-3d03-4cee-b0ba-38d81681d07c
32566fce-91a5-4892-aceb-7a4be864ff70
ed8d313a-ffee-4f5b-9555-85e348730938
126c0d6e-abfa-4347-b9d5-0dac58479386
e60f4386-488e-4550-87e0-740295071cf0
3783ab11-8be0-4dc7-bd73-8faf38ab289b
142af818-5525-490e-8ec1-776e45bac79b
fa56bc6d-8639-4c16-94b4-7d6d9a35726b
f67302cd-db45-4f3d-8cd1-d15da682b751
230a0a92-eb44-47ba-aed3-5f904fc8cfdd
621a855f-41d0-4bba-8452-900fc08f6d27
d0febb42-8dc0-48c2-8ee6-3e14e34dd158
e73f46da-edc5-4e67-a9bc-cff53c7675eb
478493bb-37b9-45b5-8c73-5b60206fd1c4
a22be2c0-3725-4a05-8b55-abf9f4799c52
aef22885-0c8e-4d11-80a5-b82b8058658f
e832535c-f026-40cd-a466-ed99056648ba
8284f3c2-042f-4273-abe3-6ed44ea70d5d
700d9a0c-87ab-4c1c-ac3b-720f4160b04b
22f6a829-565c-41a8-839c-108d13dc30bf
6880c31e-461d-4a3d-ba58-ba9a5afe58d3
d6379f3a-4cc0-4382-a334-2fcad502975f
f60613ad-54c9-4bf4-ac0e-a409e3fb5b2e
874ad01f-6edc-4ee3-8c99-a160c01226e9
cf7bc1f7-9443-4e0a-84fb-87636de39bd4
c51792b1-21a7-4e0f-83be-fe319daa4ddd
b4317d33-fd6f-4b10-8a83-6ddab3eb49e6
f6790c01-5745-4c1c-ab14-c16177c3d545
5574c1b5-3848-4a9a-9afd-8c4bca51ac8b
63ccb476-8f91-4585-88b6-dedd8964665f
43d94cf0-0293-4b72-a96a-2178ca115640
8f77ad95-5402-4f26-b8ca-e5864b46ff5f
8e87161e-c163-4e2c-8efb-395885fd6581
44f162c9-3732-4d42-a1e6-872400bbd059
3595eeee-d8b4-4749-9be0-ba4e7fc1fab2
1667438f-5684-4f19-b54c-bdade7e15e4f
16d89db0-7176-44af-b471-50325a996f7c
57503f68-5835-47a4-8f2c-9c26aab5d23b
eadc98bc-7193-496d-923d-b9e7d08dc35e
e2edf2da-e4fc-4eee-9ede-36a12e69d842
9a2a4661-9e4c-45c7-8146-96a7a4e90043
a8a2ba01-e16c-4211-87c4-2a1b9553d5e7
c60f1f6c-cedb-4273-aad7-72f7674e00db
49251526-189a-4ef8-8e95-b3e7ab189b6e
8b1fa132-00b2-4878-bfcc-043995746a68
3a60eaa5-a57f-422b-9e44-dfe91bb30425
65185aa0-8bca-4e9b-aa29-3361f219a01d
66695904-4116-4b4a-a2e4-e12b2fef3a54
7e17e4f9-6eab-4f90-b236-1d3f865cd0b7
bfd65260-da85-4c4e-811a-7f8a71844ed3
a5fc7c2e-f1f7-4d58-974b-c449404a1a5f
634e1c4f-de56-4a2e-9db2-82cc6c648194
379ed664-e8db-462d-892e-12392cea5576
6748a8e1-05f3-4999-add8-d4856aa33423
f56531cf-81f4-4acc-a129-4f755c73f567
e14fb36e-0034-498b-9516-b73fb4512180
18a0b711-f77c-46d7-86a8-5dcfe6013f26
86dfc705-c21d-41f0-a1ff-202a9a271a20
511ac51a-7006-4a62-a2fe-a52951a50890
635ee63a-f77f-4a86-8e16-ab2dca362d15
9f15a59a-7e2d-4bdc-93b5-92b34a3152d2
8dcc8b3d-beb9-4d7c-99eb-9a766e71741e
af8cfb09-972b-4567-aa40-d1ab438560b6
5ecb25b4-7d65-4765-ae4e-97802441e03b
971846b2-8e4e-41e9-8e0d-34adb350089a
a4bd25d4-e76d-45e7-a171-e146d534d388
6dcda79d-2a54-4d47-bcb3-1b15b5f3d946
f8648a39-fc22-4447-a666-74cd9e96d1a7
2a7ed5f3-db23-457e-80b0-26a43cfabf7e
1fe1ab2d-6ee9-49b8-a4c9-c21d4ae63353
56ec3933-b53e-490c-9233-3141048135df
3819ed2b-6d1f-4491-aaaf-923c7dcf0e45
677c82e5-8870-40c3-87b5-972c59884763
074b6b00-2acf-4777-86b3-b44d93e3d049
5a455356-0360-42fb-9e9c-4038f8bce568
d18957c4-736a-47d9-aab6-60d05b8b3dc4
2bbb7624-6c88-47c0-883c-3f554b6c7cbf
093ea79c-ab64-48c3-9e62-20313115a362
276ccd23-bd21-4490-96e5-9e5aea13ef32
4ff80d2f-5e40-47c5-925f-4d74a844822d
5e0c2a53-5de7-4ce2-b126-7b8888c6e1dd
8b1e2dae-3595-4b41-b896-6fdb1e3a06d0
96554728-c863-48c2-9400-2680471652a1
bcf09ff5-13d0-4196-b1d9-d02130e7062c
cad767b3-f46f-4811-a93a-b005f37f71ec
5fae61eb-2472-42e8-9770-a92f11f52ced
830e5d73-3c3d-4a0d-8eda-a09e2143f11d
196beb87-065b-47df-bf25-27572aff0309
1a057406-8c9c-4d55-8956-20591ad2d1f2
d2dc2798-0dbb-42ee-bcf2-c7e9aa12305c
8ce3a8a5-2620-4715-8b51-26c5036decc8
a4111487-7222-43f5-9970-84b8ca56fda7
9c5276d1-f182-4fe2-824c-658da8a1b0c0
3134fed1-ad56-48d4-855d-adb2b50816f7
4595c287-d4e9-464c-b826-de72c7c7e552
f21e4b32-8a09-4409-bbab-103e26ea418f
5d1fd0af-5433-418e-81e8-9338f00a4cfe
966794ce-b19e-4344-8759-7727720b76af
aa49a37a-d3f2-4700-977e-1f30ea870496
4d500079-6f28-4b0f-b424-4d362a67a856
db887845-0b9f-4738-8d11-f22a2287b5f7
071c0699-33aa-4fcc-a1a8-a91313b1de4f
a089b900-c957-4724-bcb0-da655d098979
f4cc451c-5ad6-447f-9010-2e1a4b8ca997
219a1f75-54d2-407d-88d2-71f812a53105
5416866e-b01d-4932-9579-0645b9e2cc6f
6c745014-9aae-4307-8562-1376e0a5342b
8018fed7-b921-4b15-9570-7f084b54da04
cf4aa8d0-7eae-4a28-bc8a-e829742cbe18
6bdd4665-3a6e-4806-bceb-9034e662c614
110acdbf-2904-48c6-b20f-f00f6d108fe1
2ead4c39-3557-42f9-b752-655368c04a22
9f000546-ea2e-4d60-93a7-de31917b8c1f
0a115eec-457e-4840-9c0c-733da4b0e1b4
e11bd34e-b6d2-4e10-91d9-7c929b226bc1
332a692a-f7b8-4d66-9945-0c62c4bb72fb
533d6719-49dd-4db4-9614-46ade14c78d2
e6776044-767a-43e9-9b3a-810b72015ff8
a9e5009d-b069-4174-a675-6a04b686e946
21a38603-c0e3-4539-9d34-a82e76722750
e9d51363-aec1-4302-8c1a-c357108ade2d
363eb6e4-06c4-4707-a6ab-761652c66a96
7acf27ca-ca5b-433d-abee-7625385123db
ac93e8ae-5612-43b9-a846-dd3545bdce89
0f7e8a55-17a9-4c46-88eb-c2245dfecc94
571427a5-e9f6-476f-bdec-2a2f853074d4
b326b61c-b69c-4634-a00f-14a6250bc7ba
da7c5354-9bd1-413d-a8d0-159b3a19c483
709214b8-fc60-48c9-a66d-b6111bf77f6f
e7ceefc2-2a4b-4465-b9ac-387dc3069cd7
9d9f9bfe-4152-4704-8d96-5cb340099af5
f0933833-9f18-4e4e-ad34-53832fb021c2
6497ad5f-1a0e-49f8-b96a-90ffd99fab30
885a48f6-3282-41db-bf54-2a02f2bd4cf7
70f717a2-0405-4aa5-afc5-6b103f190696
01ea73cc-6f9c-4904-9070-437d5f9adb59
47a01a29-c227-4682-8a88-639adf1271e3
ff73c7c9-108a-4e24-8fcf-08a08212b7bf
3287c9b2-9a69-4358-b913-d8a12d694db7
26897326-bc83-4038-b6b7-1bef03166206
d1f4a51c-01c9-471e-95d5-092a722322d3
e5b8d6ae-2f44-446f-bc30-84823fa4437f
e30e9317-be74-4458-8c50-2045985dd283
350e4f2e-82bd-4462-aaff-13485cb0dd5f
5e0b4923-f674-461a-bac3-e5510c98fb8d
cab6adf3-0a06-4731-8f63-7348af4ed1e4
87a63af9-e2bf-4a97-937d-b26a5176f2d9
d44a13cd-1531-44c1-911b-557ee2d18250
1718a976-b3f4-4b1b-8ff4-b6a153bccdca
a7fd6e20-0d24-4981-9859-fd567f6419f6
b24848c5-0195-4add-ba0d-8da4b35b939f
ae10e35c-ffd7-4292-b109-8176671d33a3
e30b9554-1f7d-4857-a97b-85bd53a0290f
b743a2b7-2c14-4e8a-908f-d0eaa7c2d928
8c26527a-3522-40e2-a96e-3262ccbeb6db
73477f88-df5b-46b4-a784-1b1ceb71b512
ac4d1678-d151-419d-8dd2-3078b2eecb4a
67a24a9e-8b0f-4b71-9265-32fb37427d28
75c4fc72-347f-4e48-9f61-69398bd56c02
75a1ae89-a009-4c79-ad2a-c1c366a27dd0
f7a85128-cfa7-45fe-a3b0-f4015a2d0571
bdcd6f93-4219-4666-9790-e0d027de88a3
178a8003-8166-4423-9036-b186b26b7753
d6a3581f-6225-4cf4-9ed4-a90e6cd5bd60
7aca6ff8-c838-40c4-be63-48ffe4fa49f7
beafc0b0-7e8c-45c2-96a7-c234e382bb97
2eacffd3-64cf-439d-954d-adbad4a86a15
e37a3a45-40f2-4a21-83a7-5685fa1322c1
3eb84cad-32bf-41a6-9359-bbab64dd4583
befed08d-144a-431a-b215-e621b366eb54
c7b7e907-21eb-40d3-b8a4-5ccd3d418a6e
135d7f8c-9d77-4deb-871a-6eea280ead3e
65778e0d-9b52-4513-8c8f-d53c97cc5233
5f9e66dc-c346-4172-abf4-266121ef3ced
0655243c-3efa-4b2b-b099-07bf300886ae
a7c5e1c3-4924-4db7-bddb-0f21c3e31844
e564f24f-b7f3-4770-bada-c8076b936016
45e072f9-db5a-4708-8604-34e246f0c357
93973c06-9aa1-474c-a380-2ab3cc4912a0
f0ed0a15-f194-4805-8175-92ad9098dec3
11b1c39b-95aa-449e-a35f-c8b875adaa34
8c2769cb-950c-43bb-9da6-8bf7973febb4
483319d4-e773-4f56-bf8d-6f239cfe08df
e4421a17-df29-4ef8-8d0d-df3b04e84b46
6048a797-66d5-4204-bb61-e43e1cbb8c9d
c1968e6a-2870-48c3-a432-135f77bf9571
797a2930-a371-4a2f-9fc5-e99324584da7
04d5bdff-7d91-4f1c-9477-ddc779c1d005
ae629183-695e-48ba-88f8-dadb71f1f55b
644716d9-8d45-49b8-9444-b66856148d3c
ab837c46-638e-44bf-b0f7-78b3968f4124
814615fe-ac3c-41fe-9c7d-1855c95eee2d
1235690e-11ec-4982-ab8d-c96f32128754
45f69628-f660-4ed2-87de-4228d6f8fa21
8ffc5c3e-77a2-4751-b5e4-9fc5ca730000
7f70095f-d536-4fcc-9958-facc92d1f120
636f03ae-9eca-48e6-94be-cee69e5129ff
8fc67e9f-373c-4331-87fa-fc3bfacce9ad
295b82f8-3d3f-4d9d-8cac-5d740c8e7670
d0c6a4e7-21d2-40a4-aba5-7041d06fce8e
a6a88b76-5b6c-42b6-b8e4-feb13641a712
5da121e5-cb90-45bc-9cb3-517ec3c6e982
c731abc2-94a3-450f-8d8c-e043f5ec42b7
e533e2b8-c811-4a7b-9097-5b6e3774d135
202ace61-2054-455b-92c9-d23e444b314b
1786e2d7-5546-48d7-b551-3d9125b523de
dd9f1ffe-87a4-405c-9642-1d04858d1160
12e98053-bf10-4d50-822c-18f0deb1644b
1cef159e-997d-4a3b-954a-28e006a05303
5dd00b08-c7b0-4be7-a147-6c1cdba70876
1eac19fd-34e8-4c55-91b3-23e1fae59caf
d4f44879-d7a4-4631-b482-682c0eaafb1a
ad165435-0eb9-40bf-b6cc-190243daa66f
f9b80ceb-8c11-4b8a-abce-447392e97873
98af4d5b-9aa3-4618-8773-76ac2db44591
6714859c-9961-4ffe-b5b1-989f261370bd
de3e9b74-543d-4238-be09-1400e100a3bd
6274a2f2-619f-4cac-94af-0939a7d7b8f4
b8d2d080-3859-4ec8-9874-274e614d1287
7c544b4c-c5a1-471b-b64a-c1932e995f21
45666468-3bd3-414e-9311-0414cd4d9232
888d38de-8bf8-4465-a920-238301338c54
80825c9a-cdbf-4546-948f-a555ea1c557b
7dad61d4-2c24-452c-abf8-0c61bcbac56c
1a29a133-43bc-47b5-b55f-ada456473c8f
a56d95ee-781c-4d3f-9614-9e32b62d195a
e1c9a033-0450-42ca-b459-76bba17755d1
49a1432f-7efb-4e13-baa4-5b90790ff03c
c7fa511c-0f71-4d09-9c16-731186fd9e84
daac9429-45f9-4334-9b58-ea31a51902be
03f4b1e4-6b46-4fe9-b98a-c27ec7401dad
fece0476-3cdf-403c-8c83-9c152b5e0aff
c69a5561-d0fa-453f-b6bf-efa29b9552b1
d162678d-73b5-4c23-b918-818f3a035e55
ef87637c-459f-48a7-80bd-47c2b9c8de42
2b984a24-aa86-4ad6-abcc-6c33e81892a4
7e8be86e-c8c2-421c-9d9d-4ac0075e5b9c
85eb7d4b-0cff-4ac2-996f-4f6f7acb6191
9f4fc70d-193a-415e-a291-6fea737fc29c
3949db94-85da-48af-a196-4d30b7f38991
1515b27a-efde-41cf-b3b9-52252b83a2f2
6f7fc60d-54a8-48f0-9692-a6c446eeeee5
4ca861ee-618e-4342-a148-5bc23bde3eb9
30f8c020-3d5b-4ddc-8547-9390ac64a60d
a5a25dff-109c-48ee-96e8-d3fe27763017
5b065575-d4f2-450f-af4a-1a54f6ad7824
dc9de8b1-9fad-45c6-b5c6-e3a5376d9253
a6371607-ac7a-4920-ae53-1324ffbb53d9
ced64561-12d5-439a-8ff1-e2d9b9362f99
0b8e6ccd-cecd-411e-a455-89a25d1e6cfd
e44f7d86-3542-4902-9365-e5d926792f11
090e8467-0e39-4724-9e50-0c0ab742c3de
633fa4ce-c081-451b-8113-80370fe24f7b
d7a86188-86fc-45e8-980e-86b81208382d
1cbaac59-b976-4ac9-be43-3f76b3223e8c
aff5eb5d-ba5d-493b-a3a1-40906b82e916
76c55296-8015-4d7b-8cf1-4af3e2f46d03
2c27bb42-6c6f-4882-8cae-58e920948c48
3bb76660-9529-4a90-9d8f-3f5302f293a5
2b3b98e0-2b8b-4317-9a46-92fda3e47c98
26c1c39a-39c7-4a82-831e-d2534eb9ca90
7aa3676c-78c1-458a-87e2-392707167ac4
056ab6a1-35e9-49b2-a227-ea38c3499289
a3eee9ea-0045-4e1d-958d-b6c2dad20c83
41d75e95-65ca-4451-a9d2-d001c673a514
a1bd8cb2-258c-478e-97d7-96bf3a4a42c2
f924e84f-1598-4788-8616-b670df47ffab
9f81621f-4426-4e0d-8218-d9c5a91c4c7e
47dfe53d-69e6-45c8-9402-3582c9155abe
1b196ef1-7eda-4a8e-996a-b48ad5127acc
56f67c5f-ec10-4ee9-9856-1855222e643b
36939cb7-0a21-41e7-ac17-9e6163daa87a
08bd5ded-2c0b-4d1d-9077-fad642463e69
be264577-2cfe-4aea-931d-635e7338f1e4
bf5cf743-7b7a-4fa8-ab1e-4cbb7fd80f28
c2b7f024-78c4-46a1-ab7d-c6552cdb8562
c53a87ec-edea-437f-98a0-c581f4dd8f6b
92b76208-adaf-40f1-93c4-8d4bbe7f5d51
f44b681e-ef28-4adc-aa4a-628365d2601a
07ae2357-05cf-42a3-ac30-edee932efc9c
6d621385-a179-4345-ae3a-963b76db15b5
5c4c5e08-e07d-4862-91c0-5effa05cb9e2
002cadf4-93f3-4fda-b8ba-4b4ad1ede948
85481062-c12a-4146-9780-30ed280b3142
40ebcce2-36a3-414d-be14-a17d016de38e
0773d17a-d822-4bcf-976e-ad5abfedd584
2ce89d7f-6693-44f1-8f32-9b62a37c075d
51c6ac34-8ba5-4fd7-bad1-3d70d28da76b
1be029f5-96f2-4b33-a493-c51f70cded4d
f811b8f3-0075-4566-a7c8-bf23e2e69c7b
47f0dc29-3f2d-4e2a-bbb0-ef1956488cec
4c7378f2-b672-45a0-acae-2a401f612c57
5ffa93c6-0901-4a82-82c8-ac9cae59af2e
22e438a7-3a0b-4dfc-9793-ba85ebc0359f
f9c5dc50-f0dd-4ec2-a0de-96dbb856315e
6ab9c33f-0bba-48c6-b333-d0f9513e291c
18894c03-8469-4c07-9fdd-00496d9b404f
d3523bfb-82d6-40d5-be09-18c6028cf94d
aad4cf48-58ff-4a6f-b36d-af243ce7d673
ad0843ea-5884-46b5-9525-b24e0624341c
45e83a85-85d3-457f-b208-294280991b37
cdd03153-fa43-4f56-a3d2-228a963055f5
f3235869-b60f-4a59-a762-cf9aaa21e01e
4da36b2c-8f72-4b9a-97da-a86ac84b3193
8f5be6a1-1607-4f96-ab18-e58ebd23af08
3fc98230-c0ec-4e72-abda-b3b0dc41aac2
1f972412-4da2-41b4-987b-14b69c537189
3e6f4a82-3733-4b1d-9dd8-6c87b917bc4c
a442f2f8-2b8b-4955-beb4-c4560121521c
3fcf8380-63ce-468f-9481-6923f59b9ae2
cc52640e-dc92-4738-93ae-a7cd003a75a7
fb537d8b-b094-4f42-8314-f13be948d21a
b07b5e97-2d80-4b0b-88db-1451c9d61bf3
43732bf9-d78a-4150-a669-684f8577ad78
7f1b2c7e-72a8-49a2-954b-109b6b3b7a27
2b98e30d-93f1-41df-81ab-6a35a2fc58a8
f4903a77-ff54-4822-bd5e-05055c933ffa
e5e52fa5-fe4d-4df3-b5ec-bd28ea57e144
4f96d24b-e69c-4b2b-a8e0-b3eabae03f98
9f31f94f-d595-4059-a917-ae5aeb4fff11
7c5891fe-456b-4094-8f83-e840c42363ed
311bb458-54b7-4025-9ea7-51b8d3380a80
4ca16a15-620f-48fd-9cd2-f0c8358064e8
babee787-f264-474d-806d-4fea1a1ece67
3697151c-8546-465b-987d-f198bed98b23
f829fdb6-6b5a-4687-aff3-e011f28e3c08
27e6e7fa-98e2-4a53-8a50-1ff1f236fd36
935fda63-ae89-4d5f-97fe-66f5c398e51d
f81f5b09-404a-42a3-b7c7-7dce2ccfded1
ba8b5c05-0c2b-4752-b730-3e4cb0c38dfd
ffb03959-7a3e-4d5a-bba6-7aa280d57b60
8086046b-e04a-434a-abf4-871520ce173b
c7f56559-a290-4724-ae6b-2e3510fb682d
930a0058-6705-47b8-aa49-dcca3dfbd96a
f3a28b5c-34de-4516-a511-e02a7f5933a4
0541b9a9-3cc4-45f4-9688-35269b02e50d
99ae1238-44d5-4dae-a50f-2639f3fdb658
c324f459-97a0-4eaa-a14b-97de1169ef03
6264d05c-6f4b-46f1-9f92-2e73eb23349f
861fbf58-5392-4046-8510-5e7317bd9e45
fa030ce6-f52e-4235-8e87-e7446b6d2ac6
d3034f70-b9f3-4a10-9045-04a81417a2a2
912aa42c-ae28-41b8-a8dd-324fadda6ac9
8a7eec0e-bec5-4f1f-8f59-1bba03b22ec4
61447df3-b329-4f81-abf8-fc2ec00ff322
f8ee2d54-1b8a-4da6-888c-5e849848c15e
bc5cf10f-df2c-4e9c-97d1-f2fafc6a55cf
fe387012-e191-43de-87a4-910de3a92b83
886fcfe5-b592-419e-a0ca-89b3d2209f25
9c5fe6dc-94e9-4d89-b12a-85563fc5d6a0
8557ca7f-18c5-470d-bed5-9045bfe6f2b8
0e864d77-1bdb-4897-ae83-3074af5a20dd
fb8b0a52-1dff-4547-9d1a-ce2ab2b69c59
76a939db-2309-4ca2-b191-2791f7927a24
8cb0de93-6c2c-424c-993d-c5f6ea2a19e3
3209115e-f9e9-47ab-b549-6bb2335cc95f
73f2c8c4-9746-4243-b563-9ad491b04696
42e84acd-df9d-4a49-a7f0-35c237ebb089
47d070f4-934c-40ec-8aca-99746f4b166d
56fc55b4-ba5b-4f60-8797-21f2e46a213c
e4d0a9ca-6a0b-41af-843f-dcc93be9dd14
e5ac4811-a6dc-4215-b053-9c7720402a88
78815402-986c-4f8e-908b-a270783d870d
f94add88-69cf-43a6-a118-634e031b944f
74943c46-5d74-437d-9724-21c741dc6caf
a1fe4283-4c7e-4618-9297-94273cfa4e87
cdbec425-5cee-4307-b627-2ed23bd4dd81
fc92624d-c252-476e-9daf-e4a7d53d195b
797e2e4c-4b70-4b55-b31b-16dad496df9a
cb078fc5-2887-4065-bc7a-731161cda3d6
295877bb-0a07-4151-b3fb-9a96fc5fd98e
90203516-805f-4e05-9d95-d69655785d55
aa02a22d-4a2c-4882-ad4e-4171ebd5799b
537b368d-fae8-42e3-9aa6-69a64c3551c7
77359792-abe1-467e-bfb0-afa4d8e34a6c
3c018c1d-91d0-4c4e-836e-3e85cbac0106
7cdbe26e-10b2-4e09-942f-3280e441b56a
16a1f71f-7483-4af9-b1b7-1d786b13b722
bfba0130-328b-48b4-bf14-cbaf02fc7df1
120ab7cf-060c-4869-8df6-08d1f9fe1c21
5c9d534a-1c23-4395-ab42-bb00c8dbf196
79ca33db-de8c-469c-8034-4eb18cd5e90c
40354ce1-b18f-4d2a-8762-9100232e9b47
075beb43-9090-4ce8-b993-eb5bf861302e
5c879719-630c-47c9-9f81-03d00494afb5
5a911e18-a32a-4e49-a7a5-4b75d2ba3f58
0de8cdcb-e3e9-469d-84da-10c59e82e4da
774c24ac-8b89-47b5-959d-1ab550921339
3680f261-2a90-4800-ada5-0ad4844d38d9
d5c4add6-0228-4d71-8f24-00e2ef385cf6
226bc29f-e3e5-4199-b1b7-3e5f0809d524
0a52756d-7c21-4059-858e-270825a0051a
c8de18b6-4684-476f-8741-634f9807ac8f
7777dd9c-0228-48f7-a95f-00c77580ee85
931678a4-9ded-431a-9222-55e0b3f3a605
7619c780-bf2f-46c4-a0fc-9933cb0ecd91
01587590-11d1-478d-a768-3e28566fc73e
fc313438-bbba-473a-9080-66cc89cdb790
5f5f2074-064d-4403-8537-bb89fdfc5e9f
c8b7ec87-42d1-4ff7-9de5-4bba14f6283a
819ff9cf-7617-4d68-a754-a5c45260e8b3
7abff83c-9d04-4734-bde8-74b6286f46fc
83072907-7921-4446-aa18-d70df81d535e
e938d7de-1920-4eef-a5ee-75aa2ae0f604
6e5dd7e0-74f6-4966-8fe9-230be98ba9f1
b79b9e3a-b886-4bf6-8073-2db41a9ab3be
092f490d-dee1-49b6-9e8b-b5ed6403df02
a70c42a7-2b8d-47e7-abfa-7e7488d664da
3d7c00dd-4ad2-42db-aca7-ea8681a62d07
9e4011d6-f0f5-4861-94d1-5e663ab92671
bacc3121-abf5-42c4-bbd2-981de7eccdb1
411f6d35-ba22-4ed0-b0ff-48c3746509a6
e7bcb798-4b75-4163-89bb-ba1c8a5bf103
42fc4106-4451-4242-8ea2-03a6ef641464
c45bd2a5-f70b-4fc3-aa8b-364d795f6ffd
62b1f943-95c3-4a3f-88a0-ba9ce6436d33
cdcf8a91-f25e-4337-9718-04724289ceb8
d0bfab0e-8f39-42b4-8131-c33c3ec47500
921aaa2d-bd4a-4107-9f53-2b14a82a8770
987d2608-1dd5-45e3-bfde-af6d9d79561e
bbc5bd67-2cb1-4c73-93ba-ef14fb9d8565
a8aa42ed-dcb8-4a17-b404-b9c6d65e8f1f
6097dd08-6791-49ef-8093-c3d55313c6cb
f3cfd039-d77e-4ed4-b441-26ccf4e01489
4d35a5b6-4e8d-4b0e-93f4-a4bc477a9163
11763686-85eb-46fa-b33f-0648b4ac8b9c
65820c0d-465b-4e10-a0c9-c2dc505f6a3f
6c40fab4-695a-41a4-b830-604163904b8a
72b522cd-e014-44a5-9d00-c31738a1499d
16fe4879-af5c-437d-ac61-5ccc60b47e72
b4942b12-d6b2-4074-823e-bb06b0cc4e55
6790cdc9-37ad-4cd4-9b3b-8d17b7f4859f
f53c8c2c-f051-4778-bba4-6309f88def76
f8ec777f-2c06-47e6-acbe-3cb252b3438b
21fa4e62-2b49-48ec-8356-e2b860e1d295
77c22dee-fe50-4818-b3b0-cb0acf5203ca
08a6d885-8f9a-4200-9ebb-3a52e1659d7c
c91a5244-0632-45dd-bccc-80a79f8e1781
d8abf11a-f2ee-4cf5-869b-6d28c3fbfa09
d106266b-a739-4740-852e-8b888d19c8e6
993b866b-5fc5-4e2c-859f-d80dddbe42e6
75514cbc-6592-4f98-9ce4-c49ef99d7f39
79b6cc5d-587f-44ea-a912-64d7395d6834
87d25b5d-563c-484e-9fb5-90ac91cd3c43
93200cbc-8c94-476e-a782-0d71df883db2
fb16cd00-06f2-4c1e-bc3e-ea341db1bfa7
65734cd2-c56b-4e7b-806a-ff3b07e5f523
4434e042-06fd-4fad-83e7-318d1a450637
2514e490-b335-4038-957d-407086eccc17
011240a7-fc4c-4e40-8b18-71b0d40109c2
e0de92c4-c141-4bff-b46d-49b9a05596ae
47e40363-0cc2-4154-8920-487dba647597
48f458c8-8ae3-4e87-b840-96217a370a35
c160e76a-61cf-414b-81bd-da0164d3642f
62a1dcd0-9c33-4c90-a589-f7ca5cb3a4fa
d2e8b2e8-1bdc-46ea-99da-ac4132632a0e
9d29bb0e-194c-4648-8ea3-e5770623ea37
03efbb33-2fe9-4d77-bd87-050d5e6ed78f
031afdea-4c06-4d35-9b79-308d00ee5a9b
82fb41c7-d36d-4b54-98cc-3b5373da3a9c
b9bd9f8d-1ff4-4b6f-ae67-cc13e3d272bf
36ba41c3-0ed3-4984-8260-e6b2273d06f4
3217a9e8-7a1b-408a-8fd2-e6ef384d2649
fd87b40d-f78a-4895-8bc3-3a0f8b39ec93
ce58d564-bb58-4434-bae8-0553e7f79b33
c4c18186-b419-40a4-9657-fa84f32d4cf5
5bbcd847-9dfd-43e4-b343-dcb939e00beb
242b2569-a590-4c7a-bce2-45c65147ae58
13bc4b16-5811-4f9c-bc2a-3e6bc2bf74a8
b6426d51-5a11-4111-86bc-c5c6bd8c61be
574c69ef-c3e3-4a60-9f9c-6395a85df36f
096f59da-f2be-4717-bc2c-d7166e21e0c2
86cfd213-e480-4cef-adf3-35f91b3792f3
fbaf4eef-074f-4555-8257-143025494686
64c46f87-1835-4bf7-895b-422b44b3865b
d34df025-09e6-4fc3-af7e-8402dca8cd56
9a5ddc46-2a8b-483c-8676-57fdee0b5084
de2a5da3-bc54-44d1-80f7-e9f79c477cd0
37b02ce4-c566-4c28-8248-2c5b7194b1d4
0dd3aab6-ab92-4677-94e7-15814114db38
0e69035e-2e8e-41d1-aeca-e7ea6f20c087
349a5cb9-e53b-4cfc-8c72-8b181056f2c5
48391969-3b46-43fa-b8c0-c81ad6ab3d4f
45d15f52-2b6f-40ce-af2f-a702106a19df
a5a3553b-f069-4ff9-a919-e00303afbca7
d531a2ff-916d-4e2b-80e3-c7b1e1f866e9
5c21cc69-5228-477d-bbc0-c06beee8502f
cd766b6a-5b43-45ce-8774-5bfc12af87d4
7ca98d56-daae-4091-ae54-c6b5c72b06e3
7b1c7fd0-760d-4d39-8ecb-56855a0523d6
5f452095-abcf-4a93-8ba9-42270bea669e
d3114f84-fc0f-483b-ac81-4154b3e62007
888a6871-e654-46be-a3cc-240fd853d2ab
f2b0511d-6066-40f6-b072-172c3460ec38
98b18446-bf6f-4cd1-914c-22b26ed8a243
42e45fd1-a564-4fca-84d7-8f30e276825a
afd13706-381c-41bb-80ac-975d1826beea
64a76fdc-58b1-491e-a4ea-4154c0f20651
84409ccc-f275-4f81-ade3-2d8b2d6fbbae
45cbff3b-e920-40ef-9a5e-c66fc367895a
4048c815-6041-4a56-aece-02023bb04c84
e299025a-0829-4e0f-8fb7-6171f4cf0c05
4846d6b2-4aec-489c-adf1-1b37cc985ab9
d583f881-a09a-463b-a638-35db54cff846
b34632da-f927-4f2d-bede-acf1f70cee40
e87b9c8f-a2d4-4cd4-aabe-0a541c9dd966
79242e51-865e-461f-b181-7fac7eded9b9
ab9ff96e-2571-4ee4-9fb1-8ef0a34f6be4
1e886f6a-c17f-4c8e-866a-bbed2560651d
4a4506b9-30f2-49b6-95d8-426bfd4b42c0
67ccf218-fc61-4b7e-aaf1-95b49ff66648
e90ce80b-2d24-40e9-8914-d049e390fbfd
055fcb83-a1ef-4ecd-a2bc-faade753e355
9e2e996b-15e8-4c92-9f0e-f5b58be02ad3
359101e5-5851-4261-a210-1a683481e9c1
552f18bc-e384-4489-b3fa-edac7c2827bf
785af405-54f1-48c2-bee1-85a327dd6525
daf6b029-a089-4ff6-a25b-28a5eee44f25
5466fea6-d9af-4ea1-91b2-e0133980da12
40b823ae-d85e-4b8a-b053-5ec93229a2ca
0dd5e086-4277-4186-853c-3736fbe6c8ab
6b571637-2e42-4c9c-9b49-0f8bd3d6a7e4
7041b56e-fb70-480d-b351-97cd9b7a44a3
aff1df81-bdfe-453c-b618-1c0ff285b5bd
709e3dce-0cdb-41dd-a7d9-29c5eb8520b3
a4cc74ac-2c74-4c5a-9773-9a76340a46bc
82051a2d-4896-4d23-818a-15d7702af1b8
d31aa79b-bdc5-4327-9f87-66221dcaf71c
6ebd1f06-135c-409a-a46d-4df091451a16
74523b01-17a3-4652-8890-45d87590a070
e1ecba5a-bc79-4460-a0ce-c6cd798f4e64
748abcbc-1a7e-40c9-aabb-1341d79ff315
fcc0a6a9-1070-43cb-9cb6-aade68f46a7e
0f2fd23a-2c45-47af-af2e-521f8ebb1498
2fb9c12d-c4f1-4852-a8b8-a2883224adb8
0fb2cee7-3aac-4f22-860c-a47a31b0bbce
28825e30-1821-4171-8234-8697f5bf83e7
6ca24487-fdc6-482b-889a-fdfe05ece677
01aa6060-d577-4e3b-abdc-3b0b9a9b842e
3d4bd524-3d68-4953-ad3b-5c393741a77a
8415237e-c42e-4645-877d-7a1777e1df40
ccbd8937-a02d-4586-9d11-67d8cbeaef84
1e68bd30-7e93-4330-9891-5368da28e192
c33e6817-9b60-4003-8982-791c57ea0797
6a9ec974-16e1-4a11-8e01-6cd8f09632b7
60110c08-fae0-44f4-bdec-71d344e17406
a4c2c9f7-73ba-4c13-8016-a687b1d04500
08b15805-10bc-4008-a9fe-a9db1919f753
48849f33-867e-4aab-b733-4b3d2bb85eaa
6d398557-0639-4a89-88bd-557dd600dd76
6b8aa1ae-9ff8-4e16-affe-02e9593e36d6
94c05586-7ddb-4e27-89a6-43d4d05635d0
137bad35-b8c1-4a40-987a-303f58fc3701
39a4472f-dba3-4d05-9296-9380056ca6c1
181cecd7-fab0-489d-8ef9-2e6ae282b5c4
6d2f5ab3-fe7b-4b4a-a2af-45a8591d3347
49f386d4-dc57-4bb3-9d38-491c5740724b
24342cdb-908f-4093-b15b-12ac42ab3271
66b20e4e-9ad9-40fe-a887-6fa5aa3fd72a
bc3a2c20-0a04-4f38-8d43-06df8d0fc73b
fd98899c-1534-4c9d-a588-e0bc3b746bbd
195c94cf-6f38-4713-8c56-f900cbc80694
ffd9a2ac-0cfa-40bc-9f12-1bac5a0c98e8
96eeafdf-5dc8-48f3-9fd0-cc3c5bb6d0e5
a06b821f-3172-47b5-bad1-58ab5f40b381
63eccafa-6266-4d83-b331-c87c9cb7439f
fcd56afe-339a-4b31-b2ac-f70a6523be98
74b3a1a3-4988-44ba-95ee-e8da0bb91df1
01ef9d83-ee09-4795-bf80-9b4499384a77
de79bf1b-b504-49e1-b475-3b6c4100ccd7
cf270b31-da76-4278-9f60-c257045d0fc1
2b7cb3bd-a368-43a1-b231-706cbd74fdad
95c1f728-68dc-403a-9f27-a786bbd76160
bb232f51-b8bb-4cff-8ba2-b4990e834c43
43b2eae0-f160-480c-a5e3-6a1904eb50cd
d81f467c-8497-41db-a398-2e61bb246d73
321c9843-72d5-4b52-afbe-03951b9bf644
7c2004f2-d866-4a64-9c99-bab4f30a2fd1
87c6f219-4079-4d84-af07-ca38be3371d1
0a800afe-0b7d-4ff7-8332-b93d88bcdefa
70a7f14a-b50e-4a31-b59d-a717acf42da1
adabd55f-acb7-4f24-a467-e5c8d319b087
cd2c9700-2280-49b6-874c-effa532f9865
9a804ff4-beb4-4318-8506-c442d584d980
b289fa9e-0906-4fda-ab5e-4399fd1eaad7
258d603f-dad5-48a9-a789-8199a4c811c8
e4b00a7c-d2d3-43af-8072-5e1abac467ee
886c4fd0-e93c-4d81-bc4d-57c3851f3b07
0b1a30fb-bd3d-41e4-9d6a-6224f5cbd4f3
5f1c65ba-8103-4e97-9f0a-7ea1bdc06e8a
76f41a73-9f5b-4a45-90f3-07f5f2321189
d9339046-0538-4e14-87e5-78ea2191fb0d
2150edb0-d97c-4e8d-88ca-0314a99ab450
4c6ab085-7531-44e9-88b6-c42549ffe0f9
64fc0269-3b14-42c6-8f59-415f1eaa164b
c4266914-3a37-4104-8285-b4cd0c46ead9
f8a1207a-f96f-42a2-8a46-c05058a867e9
bce72f6e-cd94-4be7-aca2-40394eac0f62
8c508792-a8c3-4518-b612-68509f26e7ed
e3b150fa-2f98-4293-9a62-0db316b1f8ff
c018702d-fad4-4883-84cd-c2abdbd010d5
8da76905-210c-44b0-856a-fa7fa5db9e89
dd5b1e4f-3ead-45e4-8994-89ca72fb03aa
7aef03e3-fe28-4c2b-85ef-c106257ecc67
7e82798b-0eb0-44ad-9083-48e15af90c6b
d5072059-2901-4e48-b2a3-df86e1dd87e7
728afe1e-5215-48b1-ab09-a79d677a5316
bc7c9c85-bc17-4b50-9868-edb8cff99ddf
08110945-7861-4475-b04f-a3e58dc08df1
0cffa4d4-40fc-4602-a53a-650cfa4fd332
4e8ea8dd-c46a-47e0-9141-3d1224c05a9c
546344f9-0a2c-4113-8e4f-b7d4548792f3
ea7f09e2-8e52-49fa-9422-3b5018c19702
d9e4959f-114f-4419-ac51-fa5fdde32b00
170f366f-3963-4a81-8d23-8d2a3b01ca7c
8e90ad82-a307-4901-ae2b-1be8bb3d6cfc
2383bd25-5f01-4419-9e71-96ee0d772cb5
2fc23a07-7640-4c28-a21f-5a9391188299
9bdecc26-952c-41d7-b8f3-301140a4835f
d4ec30a7-362f-4713-90fd-fa027023d6fd
278991e5-84b4-4844-a722-a98332ed3170
bd08615b-a639-4387-b472-21edd9e6b177
6e985f3c-470a-4a33-bdcc-ad37232ad730
6c1f398f-afe5-4189-a744-f6e3cbdf3f05
674cbd0f-b016-4a85-a975-fe46b3846cec
f5296dde-1103-482b-86a9-4910cf1f8d1d
d8aa5e6a-d33f-4c65-89e1-269daed48152
11a5a07e-8b58-4a93-9f93-53ef41d2cf9a
dbf2edf7-f1ea-4909-bedb-d137f6344524
96eb2a2c-597b-4088-b9a5-818b214a7d2a
dadd950b-e0c2-4a8e-b45c-e88ebad12a59
b21d290e-7b1e-46a4-abdf-bfbe823bc6af
e578e36e-ae99-4e03-8674-6646f890ecff
fa66f974-f72e-46e7-a4e7-33289663394f
20ff0767-4cb2-4fe8-920e-4d2b7f463e6e
f1c3997b-ef96-442b-b89a-fb9ff432eec2
c96ec9e5-66c3-4bf2-8bcb-9d620dda5da1
8b8178ed-9c0e-44c7-91eb-46e2f32b84e1
28314e49-80e8-42d5-b855-bf64271a4017
066f171a-4c03-4041-a51a-3fcd570ceec7
dcc07511-e154-4423-b072-dcce9e427a9d
7b4dd729-6960-47cc-adf9-b8c5174f8500
4f042265-4331-430b-8454-e4612153ef26
56368791-3065-4f9c-8c8d-f85d1a9a9eee
3b0d2816-c879-4b1e-8fe1-bc3bf3bedf0b
12cb645c-7d47-4916-9eaf-5e5240ac3d90
837535d9-798a-41b3-9505-82830f21dd3b
3ec71367-6359-4bc6-9158-5d10629f6671
d3ebf4e2-7078-446e-b4f1-839b275724c9
93628456-4ba2-4945-ac2e-bc3e49afd3fe
f046ccc3-324b-455a-9d9c-a45dd485dda1
3687e7de-ee9c-464a-9c55-076fa45138fd
183bdb21-a53d-4702-ad89-3a830972cf88
bce2fc9d-e379-4443-9cea-0a751e975c15
b047c5a5-11ee-4ef0-9311-f102a5657123
efc5a8fe-a9c6-4895-aaa3-9719b67b6fbc
f5a0dff9-3096-4753-9411-4835e924ba9f
b693107f-bff4-419c-9bc6-0ee6af5fa717
82b403ae-0262-4de0-9bd3-2e55ff687682
7ad85fd4-1e3e-46e6-a7b6-b734f5595355
c9747632-2ae9-4343-b317-4c45a3d04bf0
3f37c84f-1cd7-4ddd-97aa-fec87456a5e3
30337fd0-33d5-4b7d-a07f-5fa2f09204f6
3046eac5-1243-4dc5-bf39-532af6aad52e
2e8e747e-e3bd-45a8-b6a8-7dd1d2fb9bc9
c0dc9b92-2629-4392-8f1c-9d700a3f4969
2fc02fd9-abe5-44f9-8a35-7ac5f26efd65
ecb01914-6c2c-4f23-a23e-3f38b7ef0c52
846bfcf6-490b-48fc-a496-c68dedc76815
31ce49fc-fe54-490c-a0e7-7fa663875b1f
ba0de3a2-1099-404e-8cc3-b74eafe4deb4
23fe6545-f598-44d2-b74c-c628ae4be705
19904522-4e8f-413b-89ae-03ea74a2a068
9bb34632-ee52-4a1a-b36d-6d795a865e29
cc16a5e9-c767-4052-b0b3-ab1fdfca374a
f2105893-76e2-4559-9396-0b94646e6480
bad7bca9-9b42-413f-99b7-b1a44d951b1a
bf4c4c29-1453-439c-8a01-10a3ed83fcd7
511b1213-cb0e-4060-8481-56d39a8a4973
35f8a4e8-6bf5-458e-9dde-f509572e55e2
55358461-83f6-487c-9ac6-bde54c115efe
2f4ddece-5ac5-49bb-b56f-f90c2ae57b2b
233131d2-9dc6-4b19-a851-24d37cc4965f
7d973bb3-585f-46d2-9ad2-804921631c21
cdcaac3e-5819-489a-a244-1aaf92af7b68
e1103e88-abe6-4472-bfa2-2b582ecc7cb9
5c1a6cff-01e1-4a92-b2e2-5be221c312b4
6ecba674-2fa5-4539-bd3e-763259b612b2
10abf9a7-fa11-43bb-bf62-ab0ed1eb65d4
1147e2f8-4401-42d5-a722-44314754d470
bf0d9aa8-e5b8-43aa-a97c-9b8af9a76e38
d433b036-69c1-4ebf-b58d-1327cb298a57
0eac51d4-68fc-4685-807d-d929d93a28d0
35568614-b9a1-45ad-8ffa-e9107652a593
02dba8a1-ea99-42de-9c9f-102c2d745e89
2181382c-8e8a-4435-8733-9805b880197b
5241492c-b62f-4016-b3cc-8142e464b0ac
87fed347-562d-4862-a5cd-1323d258c601
ca9ef3fa-d0b9-4e36-b152-e9e0c528820e
ab4af7c8-e5bc-4871-9de1-100245b21c97
62ffd097-1096-4946-97f7-a50453bd82fd
2350055b-f4a3-440b-b467-11d1020ceb8d
8212fdff-e574-438a-bca5-243d2b5b3e15
a2e26578-9848-4d13-9025-6e1091b84e27
5d5739c7-1b29-4443-94f0-3a68f66724ee
b62ee00f-0bb4-4c3e-b020-bab2a41f5759
898a5c25-ac73-40d6-94d4-55f34f501621
c19cb61e-29ca-43d4-b78e-4c67d025c3e6
d53833bb-f6ec-4195-bf13-8c1fdc2320df
d4fe6d11-76e0-4e6d-963d-a34b8eae778a
309c75f4-a642-41f2-8f2e-44202fee29f1
cc16964f-8163-4686-ae30-3942df94d96c
cb20e3af-a25c-4a2a-bb62-b08077314004
0b66b3e8-05ed-466e-b36b-011fa539214e
92e06666-258d-4242-af77-68747f6fcc2f
47cd265d-3b38-4582-b71e-d66685894a52
43e22b8b-063f-49a7-9566-4daad8283539
c06e2552-4f48-4ee3-888f-52e6caaf2802
176aeaeb-24e5-4a6b-a664-da3012daf958
e93c2441-0079-4031-86b2-fb683effef84
c8824dcd-7608-4224-abb9-3f851ec7a244
a080a3ed-f280-4527-bce0-138a439c3079
b6fd4baa-d064-4fcd-8c6c-d8ca4f33f9aa
9b28e82c-6727-4d0b-8491-8cea19fd11c9
8a670f70-15a1-4d44-be7f-e2d660c2e8de
df36d0be-b3c0-4854-aa73-cbf9878117ef
3d5d31b1-4bdc-4b4e-9083-ef5f38b5c884
a2d20a5d-2d36-4711-976d-c8e3b189d4ac
1c0bc637-9dbc-4455-b3e4-c08dfc71368e
1ec761f8-5c81-4ea5-9f3e-95fcb2498650
49a3c52c-1701-4ad6-be3e-68c977ae8a67
a5473bbb-f983-42d9-a494-d686ac2eb372
59951478-6138-4eff-aeed-42d6efdc0c01
38d87b3c-054a-4463-9b6d-cdd15b59d9e8
0862bb5d-0af7-41d5-be22-6dc65959abe7
1981dc60-f263-4657-8fb2-038c6649b1e1
a755f956-f24d-4086-bc55-cb7e795bc32d
3fd52d2b-8c76-4080-a72b-e2d26341002a
c9c553f6-e801-463f-8ce5-9160a45dfc60
baa53c40-1398-4fa5-8793-a7499bee8a6b
318c2828-bff2-417e-b4b1-352ad479d8b8
d413ef94-4fa9-421b-8e2e-3275db7a2a35
6cbb0340-b1cc-4afc-870e-3428a7d24741
4e53f3ab-8632-412c-82ed-a3fbfe0e9f3f
8af4a4a4-c3df-4e95-80ff-99b0c3410e77
0caf5a73-68ab-4760-9c7f-1289d6a34aa0
26ea5ed4-3afa-460f-a143-05645309fcf6
98becc37-746d-4b79-b8e2-5fd920a71235
8ff46cb7-123e-4712-95a1-e9d398f8575d
c4f7d2f1-eea0-422e-a1a3-1730dbb63ae6
5e5ac64a-1a5d-47c6-8a92-703ba933a71c
e0361ae1-199d-4595-b43d-9f2f36f75b1a
d2f4cd8b-e37d-4fc6-a1fe-0a79f8f26bd0
c66c8a7d-42c7-4d16-81bd-305f610e0aec
f8d3ea66-5d03-4598-84a3-a705a8c28fa5
54653761-7aab-4ebf-99d6-d97c68071dc4
12a5208f-60d3-4a7f-b69c-b20d66789b8b
edf325b1-3b48-4337-9368-31d61073dbb9
fbed6b2f-86ec-44f9-a368-657a92dfafbf
9a0b4747-4630-43f3-a85a-26836ca310df
ea4d13d4-f5d2-4ff4-bdcf-c79d8364562d
53d93751-34ba-42a0-b9aa-d4a5b203d373
08cc3c7d-edb8-4761-81fa-3faffd95ab3d
f3768bba-367c-4f2f-9f0a-a2d2bec2362b
44fb93ea-1329-48ff-8e40-894268883946
a2b243d5-d461-4d43-8ab3-65f2a4215c1c
33d8f1ba-3a60-46d4-81d2-7514dd6774e5
efd83dd3-0782-4677-8b2c-a6213f81a8e1
ec61f3e4-0956-466d-bac5-c74c8c39a822
7c60340c-8471-4173-b1fd-40adfec0b90b
2ad3bb14-8522-464d-b4d5-e6dbaf065b5c
9275254e-f981-436f-adb6-ebbd994e6d7b
dc44090a-35da-4cab-8f09-843b6b72f5ef
8d2e4a7d-09cb-4131-984c-d7ec9af7da6a
2dc7fb49-7f1e-44be-a75f-614bf05c85e6
cecd0e16-2285-4bd8-9f1f-3294ca6541e1
b0b03c88-d606-42a7-9040-be22a6f34c8c
6ef6543a-fab8-4166-a6f6-6910fe64256a
64c8c77d-411a-4335-ae05-11208b972662
c1ebe15b-8109-412a-b886-17f35c754d46
aa041c65-3ee3-4980-a296-f7c650c97bd6
9af776ec-21d7-4445-b452-836dd5d13c8d
acf6b7c4-6571-490d-88c1-51b23be1d0d4
e531aaef-a994-4623-8cc7-11969153c838
e2a67151-ead0-4288-9d21-b9f6c5e8e171
95cb5f25-4f1b-4bb4-ae2c-0bc49beab228
3f3eca0a-86e7-4c28-a988-34d38ec65fdd
51c7324e-eb88-44c4-a089-89ef73d6742c
e942a2d7-aa86-44b5-9070-5336ea65a2d0
826ed874-3fba-4272-818f-233680680b33
fb175dea-6c10-4ba3-b280-2a9cb005b92d
3de2c61e-3710-4b14-9cee-9aef8547cf6f
fd8bc185-1fed-4503-b7ba-1e406055449a
0ff21f66-234a-4c7a-a532-fb74316715ac
7de00e78-7a79-4785-bccb-2b95b0cf30d8
13bd7d7b-4522-4713-8bec-6e7c52cbe4b3
4059679b-f0e1-47c6-9043-c96ef1fb8ab5
5a2c3e33-6f43-4d56-b49b-86c59b8b9658
76597602-e692-48bd-b72c-36ce9988119f
29647cea-2892-413d-9632-62818a164ec3
2a0b3d51-21e6-452d-bf5a-1a798932e673
39cdbcef-7a54-4091-a2f4-043689331048
2a7a5987-7226-4644-9e3b-227baccd91ae
d51635f6-083c-4499-9228-3ba8fa561bde
b6344ed0-7edb-4486-9ea8-4c60f3b8893f
7ec96dbd-9bde-4269-9488-252a4c1d118c
48f9e08c-2360-4ee9-9ad0-471e3bec36a0
0e2b9cfe-5e56-4da9-88a2-0035037e087e
3c06f966-dee7-4632-aa6b-88024eb59888
66d1d364-6caa-4886-92fc-9e4ac2472e52
3c1a854f-c3d2-49ca-bc58-c17b55dd944e
7d034177-9949-4dad-b7e1-b78dd4217165
32d2a49d-9012-4a0f-b4ed-4479f86eca90
aff05924-d35f-48aa-9492-f792114a1098
6b278b26-828e-42a8-a938-7ee3ab7da8fd
c65c6e4a-8cb3-4c75-969a-ac50d60d7a48
a9c798d0-6622-4acd-938a-e0520c3ba3c1
e1190733-84ef-44d8-a238-d7f733a321fe
5e9686c2-22c5-4b2e-8e2d-b617aa3be0ed
35c13094-dfad-499b-9819-6c94bb0142b2
a2508029-b59d-482a-ba4a-b01a5807f7ec
00c52fb1-5a98-43a9-b7e9-16e78d68e41d
17651e93-d54e-42ef-9091-2859e2277fad
d3cf416b-ca07-400a-a631-7522718a54bc
df71db83-c65d-4c82-b022-f00f5ca18d36
6b64a5a0-5c73-44a9-985e-073162e1a417
d994d93a-5092-450c-9351-e34da49ce1d9
494831f5-86bd-4aab-b6c5-7159302f0c69
1c1a66f8-9a29-4874-a39d-40418eae1bbd
1f45aded-ffd5-43b9-8f9d-619376945f74
1bd11d26-3dba-4879-aa0d-085cf58ead68
41151f5c-1ead-4fc9-9ae9-9cf65d1a3722
68a4a963-8d50-4c6a-a56e-3c860f5abcaa
d078c5e4-04b3-4878-973f-68aed033e023
ec3a9304-2247-42cf-ac2c-e1349a8297a0
9bebb4a9-f472-4e45-b3ec-0458445e16c9
303ba887-6330-41cf-ab66-ac9c4b3855cf
259fc22c-99e4-4e01-8fcf-04175a64b42b
da562127-f2fc-46d0-8db8-7e06bf61dece
e4e7fb19-6181-4d25-a40d-ec7e140216a5
d026957d-bb3b-4846-97c4-df3ce23e77a8
eeb1c71e-adf3-44cf-91b4-6afc7bcc8849
d664525c-36b8-4e65-9211-0790818fabf2
898d6dac-2be1-42bb-80bf-2e913fff20ac
9ac6e6f4-4d46-43de-93c6-87b0e1bc5425
0198f9d1-12fb-4aa2-b6d9-85e0b2706ed9
aed5b52c-6823-4956-b68c-437c075dffc4
ef20748d-2839-46b8-a88e-7c8786fdc6ad
158d75d9-a6f3-4d81-903f-6fc9d6639d8c
3892c95d-2e47-4ef3-9bc7-50b796f032e7
0c0f86c2-0390-4ac8-80a8-519dc218eaf4
1f181ee2-8d3b-43a0-bab7-14a624542f05
24a8e121-907d-4155-9039-5d85ac7f4e08
713e861f-ed7b-41b1-97a4-687c0ed89b38
a87924c4-d69c-4c93-a699-4598b0c6cea2
2b898ca9-d306-499f-8a11-a475167f0462
22024387-51c1-4cee-b65c-f10415a1562c
e52a0709-77ae-4241-a67d-f1da61cde23b
1c3b0326-1c9c-4b32-ad96-db519b4d6950
39baf71c-3e71-4f41-b73a-8676a322795a
4a44edde-ecfe-4e81-bb3c-15b100220add
2b343bb7-5405-493b-8ce2-eedec61b7e08
0880f105-7b25-4451-a5df-d07459ef00bb
3aef6aac-0835-4325-b47c-08f10c944d92
52fc5d3b-cd23-44b8-a957-6c91a4bf127d
e8b8c59a-b54e-496b-b43c-459b7f895dfa
f717afb7-bcbc-4b6c-978e-4db3195d3866
444d898d-2d39-417a-9207-9ccae98c67bd
e6c89aca-2500-4240-954d-5881dd62ed15
0226c30b-b64f-4a32-aee0-50b291814464
8f788295-c520-4b87-9c4e-2296d801dc19
2f06020c-dac7-4519-91af-72d1706a32af
beac2631-668d-44b2-8cc5-16e29b68fe96
276ce66f-14b0-4f4e-94e5-23913ae0fd17
601d822b-1d82-4d3f-a2d2-56d3d4c044c7
cf644d70-6593-4c1d-8d86-e610a41570b6
af679ed4-4974-483f-be5e-b5315e53d028
4c19e734-b069-4f7e-ae0b-0508a0d5d56d
8b737c6a-6354-47dd-8ed1-09b106f5aad3
fbe8497a-c547-47e0-8214-e978b624a3ac
355d3c7f-4a1d-4115-ac27-cb9f33276d3a
09dbe7c6-9b47-46b6-9637-909c9e4d0c3d
095887dc-ba74-4d7a-8604-574fe5ab4bbf
9cceb30a-c88d-4088-ba04-f9d7d556593d
3309dc9c-c977-45d6-9c41-1f22de7eed74
8ec87875-e5ea-4572-8f1d-b9949e92523b
a0b7311a-894a-410c-a0ee-a79825001163
2daf5e03-11af-4a83-912e-50cc3734782b
3ed980e1-6506-4a70-a323-da07d3d039aa
99857b83-2602-42ca-9077-070f4698d03f
f96f9eb1-69f2-469e-b03e-f51889908d56
03ed1822-3d51-4734-b7ab-628b157ff42b
d7e7e0d8-02e3-4e63-bad3-bd002c27f666
ac802df1-fc46-435e-9639-4ae63e12b78d
15e225ae-b471-4911-9e67-84167547553e
bc3e4f5a-9bbe-4603-8ea8-f10df7dc9926
ce6d8195-81b8-49aa-a44b-7c34037db954
13344cf1-4754-4888-9302-635328955d1a
5f93e4d2-1f6c-41d3-b486-6e693f9683a4
b092a046-9ae2-4da5-a7d1-f25361e31605
1eb2c128-c3bf-40ea-90e0-0db8d0422cc6
2350eee5-d882-444f-8079-bd4506286bad
67c8a9f1-dfe8-43cf-9fa8-0f738bed9a02
1232e949-39cd-477e-8708-73a88234f076
94e23917-c7e0-4665-bb3b-37f5138024ad
85924f6c-70b9-454c-a947-8740473f5ab6
b4e584b8-93dc-4d4c-930f-d0ee88297f64
69eac2eb-b0d5-4e43-90bb-e9f57d004955
1701c049-6751-46f0-87f6-3390fa8f06d2
b0010ea7-25a5-4b92-b701-4799a6c21cb6
0fd054c0-f2b8-4aed-b955-ffeead49494f
e88968c3-a83d-48a2-a578-4a5111ab3bd0
290cf38e-1405-4132-9975-e3e7e2f97d65
02443d8d-cca9-4849-b842-2e253f2be3e1
19632658-5e5f-4672-b092-dc6b638864c9
16077d51-551c-455c-8bad-fc85d30e17c3
6062c0dc-7457-4775-8221-a099b136df83
1d0b80a2-eca5-4b3f-8ee9-519e24c2940f
71c1d3a8-39a3-4a41-a69f-72c2fe0c40ef
7cae2da1-c793-4e0a-a085-eb2b381ea545
e4696901-7e7a-4ae3-9669-6fbf0e53ebf6
f69c6b44-7bdc-49f4-a4bb-ecf91c506634
7fbedeb2-a359-4e5b-90e0-34e85f0e1927
7ced4853-e291-4d29-8f91-3825e7dd8d2a
8fbd15aa-b3aa-4747-b0b5-cf4d4860cc8e
1854b7e0-e1c9-4a53-997d-1ac09f50511b
f6fb8a3b-05a1-45ac-993c-2eea068be113
1a09ee19-c415-4bf8-99e2-d5cc4bbe1715
88060981-a0eb-4f17-99f3-b0ae9c5a6f95
e8e82a96-be9b-4869-9505-436877b38ff8
c785abab-5985-464a-bfcf-8ce84816ec0b
6ec1fbdb-013a-4db6-84e5-40827cf5d2ad
a95447c7-ba40-422e-9f52-5fcb6705ba03
2e1647e9-d3a6-41c3-a4f8-5e0f70c4b989
f885e034-789c-480c-b0b7-01990f5c5343
e7558bb5-163d-4f98-97c1-a2942cbd9a81
f96571a3-220b-4acb-82e8-9ae460e5e9e2
863bd9ee-eaf3-4748-8dda-3eb3eba20f03
575deef3-4e95-4dfe-a857-53b249cd3295
58e24eea-2431-4d18-ae61-0514cc31940c
bab54f53-8a83-4a0f-896d-234c00604ea0
dc9d5e83-ee82-4442-95f4-35d5c91e59a1
a0ec1de6-7ffd-40bc-9cea-7ebc64d38a85
9a5dede0-0451-42da-9b32-0452a4d74a6b
4ac9969b-6aa3-4bcf-b8de-961f2f755649
b396712f-238b-4452-a6a2-ad1db46992a3
bffd779d-c559-4a44-add3-c8a274a3133b
35d838be-df84-46f6-9363-c2684d0b4371
0924f96c-418f-4ba9-af56-cc1b118a43ca
fb51f818-41b9-42f3-bbb9-5996f3153dfd
eb443422-aa7e-467a-8c44-9d9eea0d7b2a
5329c6c9-358a-4c43-aa84-a011edfd3aad
9c54bedf-603a-4ed3-a77d-d15e0bee45b6
b1114f67-db27-48ae-b4f5-fddd6399db87
1fbb5416-21a3-41a6-aa08-b5c0f96367c7
c2e53963-96bc-443b-9e43-6baa23d08a1c
a6283476-0d3f-4e72-ac26-978a4cf0b77d
48162690-c92c-49d0-8d88-a31c96d50d12
394f0fc1-4353-49c7-986b-e220454e8172
aad96753-97af-48ea-88d6-dd6269682fbb
9485f79f-e90c-483a-8b94-e21af2133957
91a77b17-900e-4252-82b5-dd9ab6c0a9ef
a42d61c9-e343-4e61-a70c-d73ce68c7a98
f085de57-0088-4906-8e11-a5a9d73a61d0
199b36e4-8ada-4879-8e7b-a8bde87a7c13
4eca7a68-0003-4616-b989-d4136ff545b9
40378945-9023-4e9f-9d7e-afe5daa8f1a4
e8de2c7e-aab9-4667-bf8d-812750659a0f
a9af43fb-f48f-4a3b-b4c6-4ec79b0b228d
a40af1e5-1720-4793-b3f4-49586dd74428
e9ecbdca-7ffb-4852-8091-0048375f905e
4d05ab29-9221-4568-bcb7-22a32a1a4f2c
c4c9a7d0-6bc6-4c8b-a77c-5d41b8c27151
a050d2b3-358a-46e2-8d1c-f08c609fde4a
15fa9b64-4081-4ed3-ad2e-3a251997e98e
f45a4c17-1d6f-4a19-9bc0-37bbaf50de8c
02b29d60-0844-405b-8a59-9a029e2c7177
bfa62006-86b6-4bbb-a4ab-bec12926a42b
9e480cf2-b0d9-40f9-859e-20199de29144
7b3626b6-7cf4-4e79-90f8-c0920ea368b4
9800f5b6-125c-4249-ac37-c500c918569f
48cfdc82-457e-4b62-82a3-3d75b8555264
c72ef8a6-b70c-4f02-82d9-a3d4ac6daba4
3b73c40c-4024-47d5-bfbf-279282201b01
6b958111-9761-49fd-b38a-c9055397435f
278bad80-ce5a-4a98-9b6f-22fa01adbeff
3b9d20f0-8aab-4b7a-b95d-43f8f3edbb64
6af92027-3aa4-4f79-84a6-a15702a1cc32
5bdae0a2-f9d0-444c-915d-842431e74329
fe1f7e6a-59c5-4c37-9541-3ad06494a012
cfc977ea-7fde-41f3-9ec1-2e70eeb3eaa9
718bf09e-311a-4ce6-a067-b939bcfee022
28d34600-9d2a-4dec-ba58-c57f14fb24e9
39a1624d-1430-4111-ac38-f92397053a74
6803f741-b653-409b-aa17-bd2134dce611
6e331545-0c1f-4788-bf80-1158a5824aa8
fa0f1924-9b71-4bf9-bf8b-13d1422d2efc
f0e4bc84-b7cd-423d-b0d7-9d127dd8cf34
85365a14-f176-4550-a47c-f0baed13d70b
2e91ff0b-1ef4-4b32-9e56-598e1059f985
5a00ff75-2cb3-4b73-b263-24cfd4d9c170
6254a8e4-bc5b-49f7-aac6-bf6e051de4a7
eee2a370-3b83-45ff-b572-4a8510678671
7816acef-f06f-41b2-8ef4-78c94fd8554b
0e54b050-db72-4edd-8a75-874b2b1a3a7f
772c4859-f705-4a17-81f6-136fb1fdd0a8
6d314936-5625-4fef-9dd1-146374b48d51
91d55ab1-2f4c-4f30-80c3-5d42959dc380
0e830a17-720f-4812-8c27-36692d38aad6
938b544a-6956-45ba-a269-e2c6265604de
f613073f-b971-436b-b301-be0087098173
0ed3806d-e622-4278-8746-aed0f666ab7d
eea8efa1-1850-4527-9d25-f8a720cdf39e
6e717534-42c6-4b83-a121-891cf63f6b4a
0fae9103-bb7a-43fc-82f8-21941689d71f
05381759-6876-4822-9981-a1681b96c3d5
f5609402-323f-4f6a-b99d-385b1d180bd9
b5afdeb5-3242-4dce-ba55-96dc20425836
218fe935-76d6-4f96-b44e-0b5a2136f7c5
feb83bcf-7500-44ad-a861-203a3bab3fe7
342c6fb8-de73-476d-9dd5-f73b8394511a
73294e7a-dbb8-4ac3-8d4c-a9ff2d1292e3
c9465b3e-d212-4327-a696-f7d17f0bbb59
b310debc-7aca-43a8-adec-3a39bee3dc12
080e577c-35a8-4fc4-a39a-d11d88560ee9
a9a6d38a-7abe-44ae-bcc8-a3dea02fc71d
f076f96f-7713-4f0d-8abd-4518ea8d25a4
c72c85fe-ff82-495f-8542-f7063021ceef
03b1e54b-820f-4476-89a9-3afdab8d4ff5
b20a5d74-d82f-40b7-b3db-88262c4a83a9
b97f049c-8319-4e48-ba5f-a932241f8580
482f15be-10a1-48bb-9095-7dc9479217d2
9cb4cbce-3bb5-410e-b27a-9a3fea37622f
71f2d243-2893-4c90-8438-db97eeb7c8f2
836e9afd-055b-4d5b-b87f-eb080b1aa5e6
6d22b697-8fde-49ca-8328-c67c6bc4cbdc
b9d8091c-6fc0-42b1-993c-c3d01575e6a1
77924682-c587-4864-9d2f-4d3bf4d25ca4
04bb05c8-0499-4077-bf1f-255979c270b1
4529e302-9484-429c-bf8f-a5db9d33a4c3
9e4e79d7-fd09-4d7e-878e-535537c02421
cfbcd13a-5df4-4cd5-a852-0c6d35d237d8
3c6fdbf3-3ec0-4122-adf4-daba48184790
825ff89f-9aec-42b0-9add-048fae60a549
15bea816-80ed-4413-8cd7-f76731ea120f
f8ebd835-8725-4467-b1f4-817ca76dcfff
ba8b126a-d4b9-43e8-aa2e-6df183781f44
ca4a06b7-5cba-43a7-bd54-afe15350bc0e
815ef45c-e83f-4ab6-aa16-3fa6f9a70bba
b6f3c03e-9746-4f5e-b788-3797be0fca62
364e4df4-d481-4f7f-b0c7-6461f8eedba4
d71e2369-eee4-46fb-8e33-b8d421facfaa
58647514-7103-4884-bfe0-44bb3c52e164
7486a4e9-c31f-49b0-a616-bd60f564a7b9
c577f695-1a56-4963-9b4c-1fced80f1bdb
c429189c-7b39-40f5-b467-57b0f472c1be
58d249cc-836c-45c9-878b-66ab0ab94467
e569afe9-2369-4ba4-876e-e2c303626d48
e1ea6ad4-c6b8-43af-b4f2-2c3671576574
1f92ed45-6eca-40c1-9d32-6ccb9d829e7a
df3832be-70ed-4ded-8946-4ba504404895
3834a890-c630-484e-be3b-a16d8d7a3210
ce0ed7a4-c4c7-4dee-92e5-c8e19e0b89e9
f6317b90-137e-4638-a18e-f234671235db
e2528d68-8733-44a1-9a2b-419d4e302376
b871a80e-30ae-46ea-a3b2-8a609548da13
d723cff5-f720-4359-b4b2-8ff62d473149
fa35919c-8c34-496d-9e0a-0d70d9b0ea87
132bbc4d-f721-4db3-97be-3e1bf7772826
61279113-d501-4ae2-b5b2-2d398b4e526f
dafc67e5-15d7-423c-9deb-6cd5a837db97
a1b637ac-47cd-4c2d-a5f4-cf5b7818a236
40697965-be73-4b6f-ba6c-1d647062b215
de29c02c-bf30-41d0-82b2-1b50da1022b8
5bfc80b9-6001-4d1c-8c02-afcc796447ed
e8023350-c2b9-4e14-98a5-23d8ef11b3a4
bfb1c527-582d-471b-973b-d6c5749fa0c3
53d29629-e966-4f3f-bc89-403dce623383
a8772e77-6142-49d7-88b5-4d130405daad
63e943ab-6d66-4942-be29-dc98641e95bc
7e23b658-a1d9-4b0b-b885-13277df0c7e8
9a98f711-f36e-4396-9fcc-31ef7dcaa666
fc3ed854-cb47-46b5-8e99-9d2e71eec559
becc3ebe-7672-45b6-ba37-ead793cbec9f
f5b0a0aa-549c-4472-9b9c-5ccba1730344
317d7709-1e19-487f-b465-248e810b1521
10f9dfd7-f9e3-498d-a614-af844605bea5
5f85f267-fff2-444a-bd87-e5be6332038e
32fa911b-65e8-4168-9a61-05279d0bd8bf
b599d18d-0bef-457e-b487-225ce3860c8a
685eb51e-382b-4075-9112-aa41e3e4c8a4
404ad78d-9e8c-4341-a5a2-147f8dbb1033
b982c4d9-7943-4ae9-8e1f-cfde49723c05
4d7897d0-ac04-49f4-9c6b-d31f0bfd175b
150b5d74-8840-4312-b8b4-b2672d29303c
70d7b0fa-21d9-424a-b4b7-19773dd295ed
59e6bab2-5488-42fb-9ea2-601ed7ea7802
5175b815-beda-4ca4-b5c1-ff049365dee5
d8b4e125-e4f6-4911-a78f-f2fa5c4aaef1
1b634d7f-5c23-438c-9c12-0a01f6335d37
4372825a-b049-4279-89f4-b383f66b6c33
e0302fea-e64b-4ec5-be2d-6c05f78e2d5d
5b82287c-bf0f-4254-8c02-74920327a666
6b08eb4f-201a-48c1-b7a5-b1618d7e1ce9
fa02a51e-8368-44d4-a7d9-11cdfa76c36e
b635a6b7-27c4-4d70-b6f9-dfd12e49f5e3
7ce0ce4d-224d-42d1-a6e4-13b5bdfee26a
f86541c9-34cb-4cd2-8f04-a73419ae398f
ac16be85-f818-440d-8abf-2d9ff4c765d3
167677c2-42c4-4aec-8512-6ddf05a94492
95f094c5-4233-4855-be1e-b09c258e5c84
dfe94f58-102d-4c48-9339-1ee2ba04faee
497402c5-6210-461b-8684-9bfcb0f1ceeb
a547f931-8b57-4149-b56e-9cd47ac5dd32
6cf35a85-df2b-483f-b413-7f963bce7dcd
0cc6285e-edd0-4d5a-921b-1fc8c863a9c4
3b180925-28dc-4f3a-b058-4cc6580ac342
a1ae7324-2950-4d26-958d-f25734cca92c
8758712c-dc9d-4625-b7fd-2223f2126bf0
306e6b23-a99c-4e14-b2c5-6267f7fe51d2
3f5e9d96-ab6c-4f73-804e-6b8cd5d90055
3ab3b8a1-ac46-43ca-987b-c360d753329b
d8094777-a39b-47b8-8091-3787f8e5680b
43ee9dd2-ce41-4148-a10a-a46a68b66bbd
0219ddfd-bd5a-4e12-b98d-a0bdccd1e89e
e8a40f44-1146-496d-a0ba-e70227a7fe6f
51166d63-0e90-42d0-8b11-2d6c539fced2
7aeb6b70-0eda-4e0c-b0b3-f12e94038a18
5f8916ef-9086-4486-9a63-ae120ac2c0e9
631fc36d-19fa-4ccf-88de-1105a4484d52
135f7ce8-0adc-4a81-b4dd-a9855935fe52
fa9c73e5-6ef4-48fa-be1f-730d3859f26d
7feb1b7c-2221-4f7e-b337-e558056dacc1
a707a6be-95e9-474b-aa2a-ceddaef49ee2
e718338c-f45e-4d01-9f10-f87388cfa011
67c0a23a-a880-44e0-8c8a-afaded631e61
35740679-f2c2-4030-af94-ee5a010bd3b3
e351e885-e127-45e6-99f5-fefbaf156f61
0538ebeb-567e-4a9a-ab8f-de2d57d00b18
86bd14fe-460b-4188-996a-3c83e068e425
1edc2631-124c-4cae-b164-b45715730b30
8db72081-9dd6-4107-b0c9-311ec576b4b2
cef16ab2-e7e7-425d-b230-0c99fb9d1d81
22a4d531-10e7-4e6c-9531-86dedc3c44a4
f48f497a-2656-45b3-8be1-aa2001a59bdd
da7ae013-0268-49af-ba5a-f31edbcb177a
c15a82be-1950-4337-8137-9c77a127c4e2
16eb5de5-ac2f-4bb0-bd2e-bf10c75b9711
be26f01b-3a15-44e1-8b85-d6954141727c
34ebcf48-273a-45bb-8411-5a77f6587802
e10d813d-9d59-41ee-af16-2624cabcd7aa
054748d5-03de-45d5-9fdc-f6304867f0a6
fdf87d97-aaaf-4b47-891d-51f8e5e7f930
3d0c1d93-321b-4488-bf0b-c8c42a8f4217
f9d8fca5-0953-4d74-86ac-1ea2aa45a95f
d847d0c1-166e-4e81-b9c6-571f7df6e10a
5d6b40f1-aa11-4089-8e96-85aa8240d88e
a2b867df-31e2-449b-8213-0c07e96ced32
839c3a4d-ec1f-4e3c-be1d-f3abb53f52a7
33ecff29-4422-4d37-af6c-f571a913a7f0
6f9f6d79-d3a8-4743-8c1b-bf3eee508bcb
6671d8c8-d245-437d-848b-9f6746e2d3f1
8d7a90c1-b2cd-4327-a236-405b87b269a5
3674360b-694b-4282-b105-163c1172dcd5
316e88a4-bfc6-420a-9f56-253f618bcb1a
359a1d10-7b6e-4bb7-99b4-de3596892042
8ed6c70a-5cbd-4b2b-9e71-9cfb3c7dcb22
b1003c74-94a2-4f72-817e-637cb7e5ad7d
23f26991-c596-44fb-bb53-624876d95fff
68471330-3af3-4ef3-a1af-8eb4b78ea2a3
2bc848ce-3ed6-4e61-9a5e-ace96f90822e
c2ffa05a-f3d2-4b56-8d10-629defea9ad3
e4db0b4f-44b6-473d-a455-837fd4893a60
275d21cf-5c4a-4e38-9b0b-5f95d19724c9
4104314d-7ead-42fa-9c6e-616194a54bdb
c7177197-d068-4f68-9a57-8dd3861edc29
98bb978c-432d-4f71-bb3c-465501c556fd
00f931f3-459b-45c7-89c0-a17ca89add95
aeecc484-14cf-476a-8cc8-b7c5ca962173
dbf2ac82-3fe6-4966-8fc0-16fa18abf5ca
07b62bb2-9ede-43db-bc66-00a64fc96c5c
1b9791a8-d3c5-4364-938d-aa942887c7fd
31d6b855-a6e0-4756-925b-d521c964a9c0
ca05165d-fde4-4ecf-af05-5a8ffd61ae95
b23fd041-0f43-4d3c-8cdc-da6129da5b9a
2e1c3e06-3b81-49d1-86b5-dc083b9b8295
887295ac-5917-45ba-8eb9-372babc85993
2eef41fa-cf0f-45c3-b816-4e1a41401e46
070f7b2a-b437-4f81-a5ab-8eab3466caeb
2fe69d7b-fcf5-468e-a526-bf88f9679848
bef89610-7e7a-4664-889f-cd1fc8d3c5cf
6ccc1ee2-d2ac-40b1-8874-2239db356832
ecf2255b-67a6-4f9d-9124-ddaaac7dc08a
efb410b9-f102-407e-967b-1b2c3a99bf88
bb75922d-a1fa-4bf5-a17f-f50c24682b23
39b8c007-6232-4b03-a3d0-a12dfd8810c4
0bdbff0b-de3b-407c-8f11-946f9c650ed5
d6d0c186-749e-497f-b5cd-42ed74f71281
d96837eb-ebf8-442d-9b7e-6a85e2deb879
f3790beb-645a-4538-b736-8461bd3947e9
261101f0-3c87-4740-b22c-419ceabe70e1
461b9407-be71-47d7-87e2-247f50e22ef6
11fe0ce1-49a2-4acc-9faa-5ea882f518c0
c736f42d-5a3f-451b-9931-84b19f854fe4
92be992a-adc2-498b-b04d-65b6688a308c
dd43cbb9-3bfd-4a17-b626-48b21ddf9628
21a56668-5651-40cb-8100-8c4eb6d33f2b
4caae7b4-aef1-4946-8fd4-b7b0b10107ed
4c24fe0d-7280-431d-b944-99423e75aaaf
4d8aeeb0-59e9-4e64-95bb-29f0a94db046
9c0e473d-1b63-47d1-8c4d-6e80cdff90f1
4e37d750-58d3-4492-9272-7d2abece998b
afc0021e-3897-439a-80d5-c5f2c4928151
74f7bebb-fd3e-4685-9fa8-4e88e02f6e85
52d9bfad-fff2-47d4-b5e3-729132fca4c2
9a625252-ed2f-433d-9888-6b5cd92d4d8d
1ee8dbdf-42d4-4118-86aa-cf532b6e0e63
5dda4b1b-1343-4682-aa6c-383d2a9d7638
815d77e0-b7bf-4ff4-a23a-5b037710956f
56391676-f1a5-48ce-bf04-947c002cf852
bd9597c9-8958-416f-af20-76277c76eed4
08643b44-aa92-4be0-937d-6aa856cc942f
120f6f35-5bd2-4dc6-9e8a-b46246d231e0
d2d44b3a-09c8-4905-973b-71ead82705ea
9be8b940-12da-490e-8c74-a639fd733811
47abc712-eeb9-4125-989e-2e1df16aed96
7c45b892-2b53-431c-ba6e-ffd22b1948c0
1b2cbbc4-6f0a-46c4-b9d5-07e5cbbb053a
35dcf2d3-87b9-416a-a2e4-7bad1faae36d
e145cf4a-c1a8-441c-bb29-ae77b6f9526a
61c36a6c-ccb1-442d-a4b8-43e2c5a4795a
00ef09e1-0aef-40b4-9f67-1ebb663c9567
e5f17275-a10b-419f-b63d-4790905c0f7c
85eeb68b-5ee5-4ea5-8139-6ec880fbcd82
4e49fe59-8ce7-434f-aeb9-9e28397c46e2
7dd49568-9e66-4689-b825-220a9a4a3c42
6c2156cf-ed69-4aeb-88f3-79e22fb011d2
d907df13-63a0-43d6-8b14-4ef71997b136
9114ffe8-b50b-4ea5-925a-b9ec158a0646
1b602fea-9f60-4e27-b02e-528f7bd24e57
d37623c6-1571-4572-9407-948a1b365889
907dc055-90ab-47fe-bb7e-b5a106604a19
689313e8-7faf-4557-aa5f-067925f508a9
8655ebab-c4fe-4a4f-94d3-b0094bce9b1f
ed509d4e-4718-45f7-bb0f-18e65c5dc36b
ad51eaff-f85b-4e77-9455-8c496b127ddb
f4964adb-a650-4278-98d7-262eee4cbb66
713dba5a-a285-464d-8a26-9d1c821b92f0
498e90ba-a1cb-4a75-a838-7e45499ccbd2
af1f3a84-acb3-47e8-bbba-0068562c7d4a
14a271a4-ce5e-4fbd-ac91-ccadfe60f466
dadeadaf-e757-4593-909d-33a461e11813
e7cb0737-65bb-46b3-8c2e-57950484e9ca
dcdc0f64-d861-4773-b6af-bc428c5a2d68
1de9d8e8-88f8-4164-ac25-13d5c1c270fb
66fba92c-10f2-47e8-af6e-ec14cc23b114
751eebe4-7a1d-4663-ac2f-04aaf33c2030
3322c220-1872-4a62-914c-17997b4f8cab
ce2eb7cd-da76-47aa-989b-42a50ce6297a
62304a9a-b854-462b-9d63-cfb3171f768a
3fd3b389-4940-446b-a56d-a9d8fcad5aa7
a6bf4596-d49a-4356-90a3-81d108746a5b
731e1298-4cc5-4812-8dd9-13bf5437647b
34aa0abe-7e38-449f-b54c-3f5f4030ea0c
8e2c012a-8d01-4dfd-8f75-72f5807c1c30
6aec7269-1f9e-4876-ab3e-047f18fb972e
c6d64198-cc90-4103-8faa-b96dc06e806b
bd0f907f-c356-4df3-a3c8-89b0214b2191
3303f53d-b56d-4cad-ac78-ae837df4a93c
3dbf9ba8-13b4-4597-8730-f08b1b0eb275
82028df5-169c-4bb9-bab4-ba1869d9708b
681df2d2-903e-470a-94cb-cbce46fc2f3f
f0c8056d-b43f-48bd-b1ad-2fb2d487fba7
bf75127a-4055-4364-a741-dad73339eb69
685d8d56-ca8f-420e-acdc-c50d64994428
240d53be-f475-46e8-a69c-eead3206fde7
e54011c0-d249-40dd-87d9-0814c3a1dbce
8b1a507b-cc0c-4d12-bc3a-0378028c0a88
1aa44810-2f22-4801-9db7-b256bcc9fe9c
e4432540-bb03-4257-88c0-a4a3b83e89de
1d8db0bc-6a51-4601-8bec-9b641b4e7391
068de1f5-15fd-407b-883e-1ad89a59045f
74c3d6fa-4029-4d7f-9293-fea326d74448
e6f555f9-dd60-482a-8978-5deb1baff6bd
6d5b1339-763e-4fa0-83c7-2dcb67d4faf2
5885e7b4-f3bf-4a5c-9bd1-4f9d63c1cfc3
d47b5774-6ed0-476e-ac44-f11434ebc586
4f64bd17-2782-44b4-8208-34da9aa840f6
35ead43a-b3ac-46ef-9c24-601980a0a100
06878b02-a010-402e-826d-54afe14c471b
9943145b-52a2-4fbd-a1b9-996bc31fd898
7ebd45c9-d0a5-49b9-931c-a183e618ff65
ea8775f2-0ebd-4365-8295-7e182ae311bb
426b4370-2da9-47f7-957c-5b1e1ec49835
0689f36d-fe67-44dd-a99f-f3b90d7ac59a
634e0c4b-5f1e-4186-bb35-9a99e1966064
d1a54bf1-bbfa-4306-b43d-b047608355f3
c4a46f51-cb4e-41aa-94e8-1dc3f838e25a
b3e28412-24cf-4f67-ab1a-afcbefdf6f37
9206ec02-7271-41cd-8470-f529cf3f888e
be39a29e-a368-410b-81da-7fc642b1929e
026187ae-04a7-4af1-89fe-d7308ca1e168
2ba56a5b-4af6-4632-a8fe-b325110d4b8f
18821c15-adbf-426d-b169-fa191fa3e90c
05e10b2d-c5c7-4ef5-b4ff-70569fa91df2
81a7663b-9a72-47ec-a38d-62d63ade4bf0
dbc8c00e-f157-41f3-9e92-7d2fe1944b1a
28be904c-a487-416c-ad4e-59b250d01b04
bcced525-29fa-49cd-97be-b533796c8483
7b791239-4310-4230-88b9-e9c78129644a
55273ae4-5f90-443a-8936-49abb6775c86
eb188809-9108-44f1-9560-73bfc42a69ac
ab8b2202-f304-49cd-8661-0835643ffa7d
12be9679-4e3c-400c-b31e-c60d5ac127ce
0f655ec8-581f-4fdb-b090-5232f73461e1
6ac5a10f-d27e-4d4b-bbe4-bb78d4960dae
5fd71e78-c8e3-479a-85cb-e88e5a652c52
f1e9138a-dc8e-49e7-bbf9-add1d72a975d
cb6123b8-1524-4e1a-8888-62a47e062399
79e14a78-2d88-44b4-a525-ffbbc2897ecd
82620705-0e78-4900-a264-57740917bcf1
7f9f3958-239b-4a63-ad75-eeff0b8f2017
ffd00ea4-422b-43e3-9a09-64ae17ff68a1
a037d0c7-de2c-44f9-8f4d-a5287ff3b122
dc85bf95-889a-4c4f-be6a-326562c2b730
0a6f2740-fa0c-42b8-a290-0d6f11271b15
acc11cc4-9748-43d7-9d0e-bee70b2b798b
f83dc733-7d57-4e55-b727-10e0ab7ae880
727cb990-6f7a-4cb6-a76a-7320ea57cf35
cfc6c5a1-349f-4b7f-bfdf-a4225185e08f
995ac798-233c-495e-9021-61a55a3e1d26
1a371cef-d755-4f48-8e0f-6a6ce7d4d2f5
cb7b30ff-b044-4bb6-a6b3-7893fbbf1b63
96414ded-ed50-4a2d-a43d-ab9cbb9fa1fc
e12b7d41-1d62-4770-9778-998161a38b30
bdd14bf4-fce9-4d1d-bd52-bd39ff76067b
36bbeafa-fd45-4c29-a4b9-2d07c0c3dada
0a05b204-45e6-445b-9a20-bf83677e1b1c
799d7d70-b57d-4c11-b0d1-ae91abf79901
c8f1a114-8039-4dc0-9503-b3f2f3d952b2
672a4737-dcda-40e4-b367-db2629c55c14
79f3983d-a025-4248-953a-5e088cc584f8
27d9a0f2-4d67-47cb-8335-fb76db38df8b
29726de7-012c-46ae-94ea-b2e035dfdc7e
40cd84bf-4626-4896-8a1c-244a2b82a135
de2fe8c5-9d2c-4ba6-999c-bdf51dddec84
e08a9cff-1dac-4502-bb69-8a9c2c44434f
391aff19-bad6-455b-8d92-71623d44adb9
577e25b2-1a60-40fa-8e3f-c06a0cd3b6e5
7d359175-5250-4b89-b4d4-ab17d3cd522a
7ca29631-dbc8-4501-b05a-905670212462
754e84de-af67-4b04-96f2-5f1ba6aeeaac
9c89bc54-d0ef-4761-b091-2de47a0ecf09
01973a5a-f760-44ae-b9e9-340dcd8ea730
acc927e6-c041-4a7d-8f3f-0072c8631447
69884252-396f-4f3e-bcbc-d82fcc122361
e6fb8232-bb1f-49a7-a54d-72b7b62d8c90
d96ae164-f193-4988-8ea5-a238e7a2186d
9b47e2ad-dd86-40b6-908e-99cde0a7d9bc
5720d74e-eaca-401f-a244-f47a42fb17d0
e4d72583-cf6e-45dc-8d2c-160ed8dbc884
07d3b0d6-9c46-40a2-bb40-781df3ad2875
c161b8ff-77ca-43da-beea-bb44666af1dd
8e80d0ec-df0a-4071-85d6-f64874d69d53
352b9d7f-bc07-488d-be24-4cbd75b43b71
5e5dff34-180b-4635-8d18-1f5b1ef9a1e9
eb92ab8b-85ef-4a5f-bebb-e9a23618d767
96a9f226-eeb9-4c1e-9499-7c5f805fc852
a6d77e0e-625b-421f-ac28-6561c43924b7
f9e28ebb-8e92-4c54-8ed9-e212a2ac7c3b
a4d1cd75-17e1-4f5e-8ba0-154a0d18dd51
8ebda098-7a54-4988-8b1b-ef651c6b6f06
cf48efb3-db26-48d9-84fb-01f8e35ebcdb
45447376-01e0-4848-be61-5fdea7a772fb
583993da-f236-4a24-b973-5d6709562950
d53f72ea-c1d5-4ef1-b9ad-89507e06d64a
5b6cecff-3217-4589-8a6a-456ef52dc4f8
b748417d-84ab-4f38-aa1d-15594c8edd59
6f413671-7695-4172-b5a6-091c9caa978f
7922947f-a466-40d0-b6c6-500676189510
90f1032b-4108-448d-8cb0-3c4a70a6a351
73207c45-61a3-45f3-ace8-df69b46c9600
72da5e1d-62b0-4c97-beaa-ac18cbeef3ac
aec3c856-9bb8-41c7-bf5c-601d74638857
c53e4970-332b-4152-b606-7432eabfb574
2e018c67-d8b6-4176-ae0f-84356eee0534
3106e0f3-fde6-4244-bd08-1b7b0c235661
e5b004af-9564-422a-b40f-8bf1ae2c6b49
c6898945-44ef-456a-9cf7-0d1810b1334e
99b26c5a-6195-42de-b1f3-1884a0fb1054
90ce5a51-ab44-4406-834c-1408bf96bee3
271d8008-5bd9-4a8a-8024-2286761afa24
802d7c99-b6ca-49fa-a8db-e29cd8ddcf31
6dbb5497-ceec-4b45-bade-3f328a16a9f2
e3d2a793-b080-4bd1-a3d5-9e82a05c0325
793056c7-a06b-4f9c-aa8a-6a9a60ff06d4
34b75800-6a4b-4ac5-ba00-ec15247a2bad
ff4c06a1-1d15-4e1b-8db6-b0fe23d0eb4b
60e9d8fd-8371-439d-a074-fcf948f547f2
bd8bc9b3-af95-4a93-9379-b9d8fb105f80
c931100e-9323-480f-b146-d0910741527f
f26e0523-7df3-46d8-9ae4-bfe14ade11f5
823c7678-ae4b-43a0-bb3d-523877f90ac4
c13f25da-0773-4e0d-838e-fe041d5a80da
aab5121f-eb87-408b-858d-aa3675372055
962d4b22-06de-478b-9bb3-e422bc6139d8
c4873227-20dc-4379-9cb0-a447bca0a37a
0ae6800c-eb6f-4b71-951c-17fddcb87cdc
7196e25d-011e-40c2-a9f3-c24c72bf4385
b89002b2-d9fd-4763-8255-93ccc9dd6ec6
c2015db2-0ce8-43eb-ac93-c86439aea9bf
9c7e7f24-ae1a-4efb-bd9d-fa0fd8f86b05
3ce6fb0c-538f-4058-90cf-dcf58b06709e
d20df9a3-5a17-497f-b042-86c791674e8f
7a919d82-ec4d-4421-9a44-51c57a5f3f88
0b0ff73d-743c-4fb8-916a-894c65c6994e
7aaf3ec8-9f33-4da2-95a8-03ea636ff2ae
bff738e3-ed9e-4f9b-b1fe-c5f9c65f6004
30ca2c6d-3e19-4cd8-a236-d5a9d83751da
6ef7b217-00ed-43e1-82a8-c7d50e8021e6
bcf689ce-7b83-4b6e-b7b8-a7336974717c
87b0df2b-e995-48f1-be9c-0e5c5bae8ab8
fc993d7f-675a-4ec0-96d2-bf34a41c4548
6508978b-7d42-4d9f-8859-9c2f4244e232
377e2f99-6f04-488e-bdd4-d14b8eba3991
6be8503f-ef24-4706-bf47-f3abcc7bf2a7
f79b7be1-c0d7-4441-a5fa-ba880f1f9d1b
5304fb3a-a585-4d86-9580-d3441627eef1
47208f55-586b-455e-b964-6a81442749f0
817c0fef-93a9-4f85-aaf0-7dc16f73fa51
9bf6fadd-8808-4836-98aa-3c0282152478
7a678e18-3829-4a6d-bf10-b9527d026d04
33242286-be53-4ef5-97ab-502d408b9ccf
9a140b14-fc36-4bfd-97b8-6ccd73fa20b6
bb748a44-e6ec-4344-8899-3934af4e6efa
ad403d62-5715-420b-85f7-10ae46886df3
75c370d6-346d-4d4f-bdb8-c5519f37d79f
100207c0-973e-4106-a948-a979b1655ad3
cb1104bc-f900-4ed3-a8d9-76e2eb8eed57
4e6ab662-af58-4dd5-ba36-59caf3480aca
934db638-720e-453b-993f-48aa6465b9c9
f55a252f-a22c-4733-b47c-fa85db259439
f8253f44-ba29-4f64-9899-5ab766af93b8
b31a0cdf-1274-4ab0-ac04-455431022ed0
6ca4e172-0167-4d57-9c43-27e24b34cf4c
b668ddc5-3eec-41cb-b933-1bd7a767d36c
7106ec3d-6853-4997-8980-07dae76cb47d
c5c3ca67-c41e-4252-80d9-856b2e92af74
c5d2b237-528c-46b1-84be-e02c56ba01ab
a239382e-2be9-452a-8c09-f3e1ed887c5b
3ac3a218-b745-4b2c-ba33-7048ea1360b0
b260b038-58c6-482a-b3d1-531a17e5bad4
2e9a23d0-4c41-4af6-848a-fb27446bb5a2
0402eea2-9309-42c5-ac95-feb7af190d45
bb5e6eb7-6786-4d87-9bfa-a978c487e8f0
23da2312-e756-4fde-89e8-8fefaa83c732
84482c38-0982-4a41-8a02-bb45c29965dd
83bed0de-3837-4b44-8db3-436da6c23397
1d419bfb-414f-4238-95b0-96ba4a593eca
39fe48cf-d8ce-41f1-b8f1-39ae5c0ed110
bbb014ee-912a-4a4b-afc6-186639a6b84c
90218035-a8c4-4943-84b8-759c14764496
d91a6438-7dbb-45c7-a6e3-dc0c16124977
5aa30759-e82b-44b6-b3b5-3fe85c5b225f
dec10f68-1c7b-459a-ab74-78a83dffac98
b424da60-9515-4f81-a14c-dc4451a8af5c
b8759212-5791-4983-bd61-0ce8567c6a2a
a3054bdb-89fd-4915-81dc-8396d15fd1e1
420648dd-40be-4041-94a6-a39908438e3a
82bfb0f3-e218-4d5f-800a-3fcc1d9c425c
67d0dc25-b2c7-4383-ab8b-3835ba2d9670
7dd7ef86-14b2-4654-82e9-856936ab648c
b2423f09-340f-4546-8923-f01649ce52be
ebbc08e4-99cb-4012-847c-353d21929c72
68f8e7c5-30fb-492a-baff-984b17293ae0
665414a7-54a2-4567-8e5d-6debb725bc07
8a6eb8ad-7eb3-4628-828b-d8561fc90bff
bee897ef-2435-4667-bfc3-87a196af4fbb
018daa16-ad3c-4572-abce-5fe76bb5d71c
20d60a38-d03f-4e45-adfe-30a35b1d02a3
beedd5d6-f3a7-4e2a-995f-fc115c58be22
11f62617-0a68-4f32-93fb-ea713ec370a3
a48105e3-3fa4-4356-ab93-1d8d21036796
e107d9a6-56ed-4704-a245-1752ec59d181
7af082a2-3755-452b-91ee-0f2e29ff15d1
1228c0f8-5df3-4da0-a35e-886046e8224d
6089c7b6-7750-4a32-8576-5ca7ded5f25e
1e2ac164-1f2d-42a0-ac50-a60df1203c8d
3e3335bb-2fd0-4af7-b86b-a27c23547fbc
bdb7db90-243c-4c75-9209-0850e9c2581d
d55351b9-473f-4507-9352-b797279bebd8
22e92a1c-919e-4d00-8445-74b5eb93c985
be8e699e-940e-4e16-a962-5cb2e930c4a7
5d6a4b15-2e51-4388-9ebb-9af021e8f9d2
4dacf658-5deb-408a-8f7b-1f5c856d67ca
e99956df-9857-401e-be66-507680b56242
79c91435-ae47-4a84-a81f-2dd0aa5ac35e
40d7aeb9-8d83-4268-8247-838fd23a64b4
b1d67175-55ef-4897-af24-80ee87b207ac
1dd0c95c-693b-4489-b2b3-0acf6d50922e
fbc9ca21-1e7e-47c0-bb60-7f3d6388f939
c6eb7225-cc2b-4f3e-9938-668ce0aef524
f92552d3-e225-4f9c-9862-5424b434778e
979d66d9-0e8e-4e66-b4a4-435a4d0a750d
41fb6d5f-972b-478e-bfeb-9e48bf121b55
5dd7153d-e0c8-460f-b6e5-6455d3f42ef9
7aba6454-238b-4fb3-b773-5d635ed40eba
c8574c8c-8fcf-428d-9844-aa1d53e55988
06b9f4d2-69bd-4bc0-b37e-1eb05b951c6a
ea6b85ef-1f6f-4272-838a-c69e9aecaa0e
46cb19e9-0137-4bb8-a3de-5a691cda4223
69de3b9e-a6fd-411f-a2db-e1b4961d77c8
7b0518dd-b49b-463b-975f-06ff75e7ce8e
4ae8a526-e3f7-4f5e-85b7-82c90420ea39
34a65349-9baa-4ccc-b711-bac8aa9bd8de
b710e6f2-c76a-4bf4-a58f-5008a0452244
8f06c0da-ddb7-48f1-8dd7-8cdd2f504d95
aee653b7-ad9c-4577-840e-b6e741cc878e
a46a25d9-669d-4339-bf91-b134bbed9b4a
ef0fcde5-edd1-4ef7-a65a-167440d9448c
95ecf3de-6122-4aac-a2da-93b6ce245897
8309307a-7259-4a8e-8fd4-5edee535f366
f92b57b6-020f-4918-97d6-2fbab7db5080
f0bbe3b9-1a85-4c0c-adc9-1a62af160324
fe7c32b3-f70c-4e3f-9a87-72ba51090a6c
ced5954b-ca2d-4233-96f8-d4d2dc741bc7
ae918fff-e51c-4be8-ad60-e027f3ba51e7
a6a98894-724d-497f-bb54-c828d4851210
42ef3533-4cc9-4d90-996a-f7c3e159a84d
9931e23d-0f35-45a0-ba8e-ad65f15d3f9f
be1ee789-9a6a-44e0-a2e7-0324dc36f72c
481a1693-008f-406c-9642-149087e57ddf
18a13f12-e1d5-45e0-b061-578287bf3b72
88555ea5-591f-462b-8b90-927851960991
b3ebdbed-e892-4e7c-a6f0-f4783db9120c
7a7d23c7-9a70-483e-ab98-50790002057f
0c9544fb-0ccc-4e8b-b8d6-7986fb5c4130
4f355efe-68be-438d-a4f3-9e5a2ef26d98
1ad221dd-6c9d-449f-bd10-32319dcfa2cb
c5c1be5a-c414-41ce-8248-4e7e5bb9a8f4
c0cfd36f-fe5d-4701-a8f6-29d31fbdf72c
93b9ccf7-1c91-4bfb-881d-fd6632205f98
8185bdc9-21c0-411f-bf48-7e7a8688bc6b
020cf70d-ad3a-4fe1-956e-2eab643c27c6
20cc7f02-3e01-48f7-a6ad-793058c84310
07c677cd-1143-4084-b018-0755a8a767f2
b8b70406-09ff-412d-8fe7-3951122ebac0
5751bd8f-67c9-4aaa-944a-7521612495c8
1e66a331-1856-474f-89e1-b15a2c692d3f
914c045c-7a3b-4166-bc87-b4a6afeca600
7557293f-ad44-4754-8c56-6cf352243133
0b19b25e-2f68-4f36-b566-2e4d86595a29
701e20c8-8952-4164-837d-5329e8e68411
fc9f1965-617f-460a-ab96-359bb7c5e868
f7167b6b-c1d4-4863-b348-bdb82ff2fd9d
4a1b9d1c-2f41-4bd2-8a09-16c4acda39cb
6290e0ed-545a-4f87-8a7e-ff855aedbe44
4f618899-5456-4a9f-bb94-b68e1fa2e1ee
74654439-a082-484a-a59d-79230c041a59
14da3341-5cda-4c95-8880-e9b1965085db
457b0b0a-04b1-45d5-af88-478cf9afc283
35140cbb-3e56-4213-9e8a-a0e9a41c7ab9
dee2d85e-679f-47e7-ba75-db648a8722ea
f97bdce5-67ad-4de8-8935-09a3620def7e
f226b9af-0ac5-4907-bb7c-e6a05765f261
4e33b1c2-7c43-486b-8dfd-5e28f8468ef9
45a1cf88-830c-4ff4-822e-6cce5e215b87
4962ab18-5883-4409-b7e0-1a915f789e3e
ff65e5dd-2858-44d8-9820-4251d83ae696
5c415d15-ebac-4e36-952f-e774347d8a95
892b607a-f71c-4e2b-88b5-390d0ef50512
75585b50-3c96-4626-a5e3-07fb732c5bd6
8a91513b-0e7c-48f8-ab95-b77f06404d46
b8c6def3-f95f-41d1-bb53-179ca9d87267
4e255e1a-fd3c-4c28-99b6-04f2f2ed5b14
72ae27d0-25db-41b1-abb7-69824a5402f3
9d6b70d1-0f07-4753-9f94-5c167490d017
238c29c9-49b9-4b35-8cca-75bb18e8fe41
fae751a0-864b-49b7-970c-7daae387431f
6dc04168-220a-4338-bac2-e5c82baadc9d
a27206cb-2a97-4eb4-9cfa-96916e627d4c
335fccff-edd6-468b-91ab-d9162391fe9f
fd54e639-993d-432c-9d81-ec10806afd2a
1c3a1ca5-3f95-4cc5-b582-e78d49d3472e
b938f8cd-6d37-4bf6-a2a5-dcfea94a0550
025cfd37-2f8f-4e1d-9251-c1ff351764c3
17f3cc0b-ddf9-4b6c-aed9-ae0b0fe75669
a2ce1c12-0f63-4064-ab24-7a6b13424fe9
1900cb16-b710-46bd-9da0-4a9f17fbd7ed
70ddc33b-4e91-4a0f-8788-e74afd02afa0
4ee13748-6599-420c-b549-c55d33978da9
b1d13a99-fdf5-4e9d-b122-15cbdbf7acba
b4b209fc-9b77-4aaa-91fd-32c09e5e3989
c48ffc27-d6e1-43b3-acc5-51cf7ec4ab57
0d5dec48-b571-4f48-a2e6-5a04a359128a
f6198dec-346c-491c-8af7-46a0697ce471
d98ad4b4-b650-4942-ac90-ad8f902ff0dc
67cf259e-59fe-4ccf-bde8-24c8494aed66
3f4044f9-5996-47b7-b804-005012f07645
60bb3863-228e-4d12-9964-9429ef2aac69
59c28c16-c1a1-45f8-b386-b687b23c3139
269e1c95-5578-4f56-8ef0-6eaa916391f0
a72c587f-320a-42eb-9bde-3992e4a935e2
30378e90-669f-48a0-bd8a-57fba5183ef2
6b9857c8-66dc-4469-88ac-6ef6e3898e45
08b11749-80a7-4d49-92bf-8ebccbebbfe1
c76b871d-e64e-4036-92e2-cb5afc65b423
e4d1138e-1c15-4e05-a08e-00eff31153c6
ae6c0eaf-e1b9-459d-a26b-053fb20091c5
1ec14cff-821b-4dc8-a2bc-841e075588d3
1fae1edb-fb8c-4b67-9a64-834fa4c18cc2
98006c4e-0c9d-4fb2-8a5a-ac5864c58f89
dd08b115-3e5f-40a1-ba5f-c34b674dd929
5c975373-143a-463f-9c16-4ae41a33fd51
6dc5a983-fd1d-4a90-a6a1-548e433f841a
4eba2fcf-b83a-4f98-9aa0-e2f45627ea98
7077fe0c-e281-454a-9bc0-ed0a1057c25e
1e494b9e-6c38-40eb-8361-a4fa1e8d8ced
de46302f-6dc1-4852-9fa4-f2eaa4e7bf80
f17c4f16-ddaf-42ed-85c0-96c19efdb025
910c06bc-46ed-4c18-a4f1-6e307fc3ce38
4587bdac-66b4-4277-9c63-030f9ee7b0e6
0e83192d-2bf5-45d3-88dc-d6516643587f
43efdc21-335c-4515-9de2-b38d94018011
d44b21c5-0a31-4e9c-b7ed-8893d16c4b29
a9613f14-faea-427a-bdc0-65b2e8887d6e
c2347a08-4ea6-4377-8772-98ab75aeca40
1074eed7-747a-4fdc-bb16-8dfd7dce7fae
1be96bda-46c1-4cbf-a84c-131c9908fa23
69127e0e-1847-4c12-a81a-4fc6d10cb186
6bdea312-0f4f-41f8-b793-1e5bb75961fe
a86c27ad-8612-4178-85ef-28014a487b7b
d14142e5-2e88-4afd-b10c-bfa2fff7bbe0
9f1f8e17-e4d8-48ac-a718-1fbd0b6e0753
233d6c7e-f01d-44fc-90de-1fe6897d07a0
9f9315c7-bbfd-44de-b236-1254fd927e78
afa70d18-b22a-460a-a956-21a6c8e90eae
6ad9c77e-31e6-4a4b-ad4a-1d3a4f752906
30bf005f-1ebe-4e91-8835-c54ff6b7e289
9a43b913-6afb-4aac-b156-5fffb958ba02
5ebaed69-c263-4ada-8114-af77eea90144
8024e541-d9fc-464d-b001-0ced7ad2b753
af572055-acce-4a18-9175-71bdfb4ff889
c18fc83d-3ba5-47d5-b019-ce604846a82f
fa1c5ec8-e96b-4c06-b200-eef7b42d0dc2
acdb9346-ca52-426b-bc77-61ae2996c0c2
05d607a0-011e-4ce5-9d42-59cf19ee3b75
873b2066-343b-492a-bf94-540b3e97e455
b498c268-bc3a-49f8-8a6b-17100b8feef5
1a5d613d-0361-4294-8cee-cfe15030f75d
487ac9a6-5aef-459f-ae11-0e76e06b8c23
69e33227-79e9-4639-8fe7-a72451aa8327
6bf30774-5ccf-4970-8079-f8c7a441e0f3
f117077f-7668-4f0f-a506-5acd6e3044f2
801492f7-1919-4d84-8a0c-9f97e633f49f
bd17d669-b0f7-40e7-b942-3542cb52544f
a75a467d-ae98-4a20-b26e-759a40ca9430
40e63b2e-cbea-416e-8721-7a715495215d
879a3feb-8c11-4da8-8717-398ab82c3a3f
99db2a1b-6928-49f4-808f-8a76aa8757af
7f207cda-1928-49fd-a882-23b921f5ae33
4d116c24-9305-467a-8676-90a2bb5b072f
9569cce0-df29-497a-a959-ef36c65614e0
888cc28b-10d6-4ab6-a373-bf94e4bf8d44
589fcda1-0e1a-467e-a89c-165b2368661a
a73b8238-6282-49b3-99b5-78e8d0141afa
e92cbb1f-7943-479e-8c9e-4c133ba5e8bf
6086e8cb-2b65-42f9-a62b-420be64af261
f63b3acd-3bb7-4fea-85e9-9d4f9cd53641
2cbadfc5-5543-4f25-a707-5a1c4d852486
ebbed433-a0f7-4bb7-9949-ee84246a694c
2762e21f-95b7-4675-8ecb-6f896806e316
a2006dee-fa10-466b-b9ef-3e6ec7f1a3ad
166f06cc-e2af-48c6-afdd-3f012be387ac
4fe0384b-5818-4160-934c-9961eaec5fcc
91ede409-79b3-4745-a1bd-4fc7d0a038d3
3dd84b31-6fde-443a-a83e-094c6a202959
f36d47d4-5a2c-4911-a46c-ce2d4ff4ce89
20f66e38-ecbc-472e-83c1-31fb91b19ceb
b67dfc19-39ab-4305-b544-006de2d40c6b
631896db-eaac-492c-9883-2c07f012679e
ab59f92e-8a4a-4cfc-8ae7-7911e542e0ae
fa7bed5b-12d0-48de-bb28-07f1ad0302d3
c837db0c-888f-4d8e-b316-aca384f245ff
b61c1459-b85f-40d9-beeb-f4b492dc0a31
a8a5e26c-b473-43a6-b730-218534f915f4
8280678b-8e70-49e2-88a9-5d5f3367837a
2b17db6e-840d-426d-be55-ae204088e18e
02124df6-ddd7-4d83-8aaf-91882bf870b1
342ed81e-cb2e-4ece-9c5f-399171ae6010
2466f74e-a054-48f3-8e33-ee820ad15ecd
aeee5545-cf65-4a95-ba7e-ff4e9235bffb
f2764ddf-435d-4707-99c8-6b5eb6f28517
5e94b5ca-b12c-46a1-a0c1-4daa9db052aa
7f690287-0946-4712-9f38-5d5f545ffb43
cf3ce1f3-1abc-42d9-a986-40c15ab72743
3129943f-4660-4cea-8476-346b42588d5a
ac9519bc-cf05-4f84-bc4b-35c2708475ff
38409923-b6d2-4f71-a171-4ca757063291
4c3248e3-0a75-4ff0-a005-e15cbaa59a5f
fc5b7b50-b74d-4ce7-a02f-716440522dea
22041a86-72d6-4ea6-bf89-0e5def231837
09959075-5dad-477c-ad37-30bd6facb3a5
03c55f29-c7db-4e22-9708-c917ccae2be5
74eac533-edef-4dd7-8917-b2bff9e09679
1a8f3aa9-3eb7-4119-97ea-bbca40eb45ea
babac0c8-83c1-4e91-a74b-09abdaa92c95
4c12e450-2f9f-4cf6-9204-ea147fab6b30
b9207d88-4620-4f39-b2aa-5cb70a8338e6
1942ef85-98e3-47ac-b846-8889ccc1b233
0202aaed-541d-4e35-a501-98ac5abdd8be
111928d6-d117-474f-a183-95e1dc03c56c
f60fe7b6-ac0f-4a31-a5cb-813689fec86e
5e284d90-7500-4817-a2ed-6f2fa3f75935
22ab390c-c6e5-47b1-9439-b3533b620289
43eb43e5-517c-49a0-b9b3-2058133eaac6
e47816ef-b7cd-422f-b015-c68169fd0099
51940445-98d2-4d99-9710-fbf79b93f63a
bbc8b602-48bd-4456-b5cd-584e48b089e4
56317d88-9cd8-4592-ba0a-99724c8fbebf
24a82714-15c5-4ec7-ad9f-82d26084a3fc
fa2aa1bd-d779-4155-bfe7-f8754b8363ea
2b4bcde6-e51a-42fd-81e5-ff887ec863da
2ca7d141-9f43-4c0e-8f54-5936e0cf15f2
fc9ff67e-046d-4aa7-93d8-3809d7dde365
7d5fa209-3e18-458f-97f2-272d4ea53de4
b728c44b-43c2-414b-a623-5be0290a65aa
2b80ec27-bbc3-4f06-8baa-0fe8b874c828
31c1f67c-87ee-4d75-822b-a5c09768d437
73816fbc-045d-403b-9c85-7ff4874e7822
74c2ee7f-960c-4c04-b446-0b0c16f364eb
8d0707dc-4dcf-4dd6-b411-04b2560b21bd
b7f52a83-bc90-4077-aa16-0ee629e2aacb
2571ea71-f495-4296-b9bb-d269ce460ee1
754ba34c-b453-42ec-a5c3-00b422f66f71
e3d247d3-1ee2-4eb2-a9f2-5ccfde6dfa3c
051675d2-f8c6-407a-a896-20c9709a1388
3e259bf5-ba44-47a5-97c4-8d7cd8a50cff
0dde327a-41ab-4b96-9846-ca3bc7d6e161
5794d883-3c2a-4a4e-8dcf-7fa3adf00724
8980b4a9-9418-47a7-87a5-f57eb7f90996
c3f43a86-e704-42c1-9be1-f418dfdd9498
691bfd40-0164-4c23-a3e7-e64c29e74726
1b6ba945-bf0a-466c-9529-1b5df3836d56
[...]
18663e86-74a6-43cf-a238-6d8119204f5f
0968aeb8-e57c-43d0-876e-73e4c443d759
26812114-e78b-490d-aa75-c877912cc84b
0f6a258f-6d9b-4f51-8258-a8d130ca7571
d02b0989-d1c1-45b9-bce1-3164d59f28c3
f60f8c58-0122-45e1-958d-9d151d460cce
40bec09b-e635-4af6-9a28-dcc0e8e1f108
41821391-1354-43d5-92c9-cee3e220e54c
80e7fd77-2179-436a-bcd0-28254ee77b21
cff6bf24-5b4d-46bc-8037-704986cff527
6f2013b1-e780-4bac-a340-e0533067f7ae
c86d5025-dbeb-4375-9e73-4f795cbf25b5
3eedf2b5-2c48-4105-b32e-c321ed3c1d9d
82d67233-0e39-4eed-baf6-f5ccc3f6924a
4a7d84f9-995d-4b9f-9a76-3766a5151d98
50e2633a-d5a1-4fae-ae53-f27ff4861b81
c0c36a30-d751-4604-af2a-0d23ef2d9ba8
774d5861-7ec5-4075-82af-b1355f967570
5e7b4531-9d1e-42fd-9b40-6cc98b5055b4
1754fd21-65ed-4e0e-9791-dd6bc48b6631
3182e443-4d38-409d-be7a-b1da7d25dfb4
b4d0eea8-ba2d-4f22-88c9-09283cf52fa3
da614336-e68e-4e4f-ae97-591cee36f845
54375b56-baa2-420d-876b-49996975e2db
a70d85d8-a2c4-414d-b268-e0abd7bbfb68
9eb6a3ae-2422-4e24-8f6e-2abf34890041
32babc3b-81a3-44a2-82bc-6842b0186da1
f61299b5-3525-4478-bd74-82c3a515c13b
1cbd7cc2-d471-4104-a864-2fe2aeb6e7bc
82b1c54e-db13-4344-afc1-d0ce0ba23aeb
ce1c4f52-4809-498d-8cb0-0e11192d4b62
e3a0caae-0216-4986-837d-1b55d6d452dc
712aafaa-a99c-4472-89de-d2c4c8f7d2a9
a13e7fa2-2d23-487a-9c3f-8861eccf8011
a75a24bf-6557-4d44-aeef-feccecfb345e
25e5fe7a-0598-4b3b-b7cc-8b17a1bcdf6f
437bae0f-8111-4e40-9df1-63b4ab3fd874
a8133de2-dd24-4897-bcf2-a69902d89727
1348c3ee-9c6f-4c30-a47b-8ba68804f835
839a62ed-1487-49f5-8f27-775545acc2ec
19a10853-4ce5-464b-8e45-0e77a4ed14de
2f84b235-3fc4-40a7-8fe8-b963c8e29062
9eb948cd-0955-422b-9a73-e2680b196af5
3bb68275-e928-47e1-8c70-8a4d25717250
afe03c2e-6242-440c-9def-e873bdfa02d5
5b1e8e79-d015-4f50-9e5f-e41e48e84564
b2ec8edb-5eb4-49be-a3ea-0ed580d550a8
1a1f1a82-b55c-4bc2-aac6-0c6449c40b57
b156b5ac-f167-4e3c-910e-e57fef6ac120
f1b9f6e1-66fc-4d84-914b-b64c3bddccb3
cdb4f72b-8e7e-45f2-9601-2e82a1bfa03b
9505fecc-2557-47d5-949d-1f8d06e93be0
44ca2bfd-782e-4e80-a9af-0fd3bc661967
6b212b6f-9f25-4b29-bc89-6b8ee1fc76cf
943a3f8f-8bf6-4b3b-af0b-ee8303c2891a
9d97aa83-aa01-4ab8-aecb-dede9105a3e9
2f3536c3-f78b-493b-8151-c78694833a8b
a0e51885-9294-4866-94e8-091ca8f70d25
2008626e-697d-4590-b752-abb29ce683e9
34638048-ba71-4a2d-a6b4-1e35517f87d5
b0fd025b-b470-4bf2-bbfd-5331bddf362a
e8457dc9-06c3-4de4-9ce4-c890fabf360f
8a3b35b2-b04f-4e40-b01d-69fb34e90657
ad34b06c-1328-4e22-8a8d-63f524481c73
e9e8ce1c-15f8-41b2-970d-4a59c56a83b4
ead758f5-6603-4e17-8d44-963fd8b31f95
befc8762-a700-4d17-a648-b17ec524f615
8a23a70b-900b-42cd-86e0-a1a8898bd60e
bfe462a8-63fb-4262-a35a-2f3b063aaf78
17e64c11-c691-4bf6-a547-f82a7683fb54
6b896d2b-cf62-46c9-bfbb-2be99fa8ba93
3cbd55ca-ac79-4ee4-baa3-497706cb8735
3616bd07-6486-4f9f-8022-a9061e698bfd
f720c50b-7aeb-4856-ba2f-601122407b98
89454b85-fbc7-42f9-8094-63627a148369
38d6159a-342b-404e-b5d7-4c425c762fd5
500a2124-e3f2-4138-a6cc-e97dd97ec5d8
cfced008-8914-412c-b3a5-00d6a883c242
ed77aac9-4cd6-4f26-b2ff-4f8ae9dafbcd
a92d18cd-1a54-4caf-8202-21dad29017ec
7b043163-afb5-41b2-9c6d-f82faa9d7b23
ff93b140-7a40-45ad-88a9-1d52fe701ae1
9c67ed09-b79b-485f-9728-6894cf18b2ad
cfdc1b66-5920-4441-ac91-2f586caa16ce
b6712f28-0e47-4764-a351-9de029dbaff6
0d18cd34-939f-4dfc-9475-a20911d6fd25
0ece4085-68ba-423e-86dd-d945988d97a9
1e718918-fe87-4257-b302-db7cf18d339d
5c6aab8b-b12e-4c55-b47d-ba077e70ec3e
43d6d132-2833-40f4-895d-1d165576a960
ce1e54ee-a8a1-4ec7-b6f8-06a544012afe
13bb73e2-c6ab-4a9e-b26d-60f00e53c230
96c491f4-f6fe-4224-82ce-c15de9d57ac0
249f285a-2478-4ea5-b103-061e279861b1
fe3f4f2a-73f9-4e40-83a3-fb03dc5b4b8a
6f3e3242-b8f1-47a2-ba4c-ab003400c100
5229c84a-5ca8-480f-883f-c4b3dae7b3d4
b8b5b3e8-0b0a-41a5-956c-02c08b934787
b6ec912e-660f-4d82-9067-7041381549b0
89fafd3c-1e2d-4031-9cb1-2f0becd93189
e156717d-27ff-4f99-bc6c-db5bfedf3da9
fdcb5971-a202-44eb-bb5b-8101ab7b4700
6a3cd721-7766-41f6-9e10-5e5b1c2e87a9
ec34c7f2-8655-4cb8-9633-f4da88b0c09b
b9f398c9-1e2f-40c2-b7d2-4f7d4a5a993e
45fe2efd-1b2e-4685-bd89-5e3bd3a9ee2c
99a7573f-e0cc-4fc1-8541-13342f476d9d
629f3cc7-88f5-47d3-8c75-1e1730e87561
948cc210-c0d8-456d-aedb-5eb41fdd88e2
8292d07d-a8ee-4df1-b821-567fa75ac459
d982f7a7-59c9-446d-9ee7-c916c9d6cc0e
97d53963-a271-46e2-b351-7a6a06dc8c81
67ae3cb5-55fb-4210-bded-e9aa347925a6
45f4866e-f4e7-4b63-8566-4d51f98f0f5a
82831fb4-20cf-4eee-bf36-b30d8717edb4
ca36092e-9665-49bd-a964-6dc6e4c688c9
6454ff04-05aa-4abf-9ded-dead297f1335
06880b37-7be6-4e36-b1a0-abe7e6fe6e85
8c301f58-511b-4a56-a64b-cdfe9897efe9
3759b5cc-42c9-496f-9515-366741c73471
7ec3589f-7c2f-456f-a3d6-dd768c4e80d7
b2e24b79-fe33-4d2a-863b-f117ad82d666
59580a38-aa47-4bba-9b0c-641147d3b472
20efa2eb-adba-4c84-89d3-43754aca9483
fe1ee34e-dd3b-44b6-8431-03bcc53d6af4
1528db69-8f22-4276-8856-104fe0f234d9
0871ca87-a13f-4ad9-a839-3f4ccc76086f
87ba1095-696e-4b36-92a8-1d056493b8a7
5747e1a5-6dab-4d1b-baff-388c418a4a8d
964db788-df8d-4abf-85ae-7164d8d3df76
5172cb69-8137-45aa-b4c1-2a58941985ea
f97fd492-9017-4841-a27b-83809888c998
236e2bdd-4cda-4755-b38b-8f83e6fc031d
6de4f439-9e18-402a-9f4a-89ec163022e3
36642657-6b9d-41ec-a4b0-8dd9c20f12fd
7cc1ed33-f3bd-4729-b5dc-a09b672053f6
493724d3-92c3-442e-95a0-f29754589d9c
977cafb5-bad2-421f-87d9-99bf4177c820
80695f81-977e-4269-83c3-1e57517971d9
f2208354-6de4-4936-9cef-50e5f5d223be
59f92377-5590-4e6f-80bb-016195b5e158
801a1413-649d-460b-ae02-0b8539e24005
dbdd6b62-a12e-41a8-86c3-92c0e64c1c32
eaa44fce-c63d-4165-87a2-6edce3bfeec7
fc91a89c-779f-4b2b-accc-249baa059758
3092b945-d701-45ae-a733-fe47ea6bb151
927b8256-5141-4385-b8fb-df3f92e03099
d6984e23-5994-4ebb-b77c-6f3b77bfe088
0b763d26-580c-4420-9098-f2c51ead0cf4
6cbfc44e-13f6-48e0-8c7c-21895a9b834d
c2d0903f-ee16-4301-9c92-ca510a4427ad
75180b9a-51d2-45e0-ab0e-dc0aa1d53628
be0bc756-06bd-4f91-89c1-b060b91a177d
e55b341d-b0ba-449a-bb58-69333f04253a
02e7c458-78ab-4cf8-b641-7a09e5db789f
621258e9-4ad5-4742-942e-9a65e40dbcf7
eb483ecf-5fa8-4781-9a26-68a6503a0025
bf5e00bd-fc36-4439-87ef-7b547adcbb2e
3e045345-d84b-4d8b-9d86-a0cd1a93772c
8becfa5c-3668-4c7b-b2d0-00106b549667
73507510-1cce-4b6e-9ab1-9dd9baf74ec2
391d77f3-da32-44d8-8445-24144f023acd
aa392e96-2762-4524-a93b-0f89cdec492f
600403e3-8ef2-410e-91bb-1f3cb61dfe64
3af301a5-bb50-4d4b-841f-a042805092a2
f6f22e6e-7ebc-4ace-8077-0ba72c2bbaa0
287b03ff-adfd-464e-b6ff-9a71a2c42b77
85135e96-36dd-43f5-9e8c-df761d479cf8
bada91ea-d5b2-43e5-b52e-8908dc1f7f3a
262cfadf-b211-45e4-8b9e-182d35059052
2e45ec0a-a995-440e-8eb7-928ace08420e
cd3be9f4-eec2-4a53-bbd5-cef7abd68ef7
7dbfcf08-731f-4385-8f38-7cb84d9f09e3
48ef1945-bd00-4636-b5bb-cee9642b9278
fb8732c2-806c-470d-bcd4-85d7da068c45
2b6bdf5d-bf05-482b-aea9-6d910ee67b21
b1714d2c-366b-41e0-92ab-1b5338572868
8fb84aab-f6be-44ca-b576-fc898e18452a
0b519cb9-4919-4928-852b-9c4d2df9f804
2f60cf1e-8792-4928-862c-a11456ce9166
44006558-fb6c-44bc-9a8e-2e870db5e032
28fabd72-7ad2-46f6-b7f5-5bba0e7f3fc6
f2178cd7-1891-4f4d-ad51-af4b0ba978e0
b3a2af58-612c-4ada-8b05-ded253229368
fa7d8b01-36ee-44a3-b871-be0c0fde8d13
ab3746c8-dd4e-4307-975d-c67e0291bd63
bb07c5ff-219c-4489-9d67-653e2bac6e02
440952f3-5ea6-4b23-a9c7-611aedcef5de
eac508b7-2ac6-4e2a-922b-7f54fbd03bca
cf7efe7f-11c2-4c02-9ea2-133882408a62
3b269547-97a4-4fca-893a-9345358390e2
c0f94c84-d1bf-4c89-9204-45f892164da4
bade99d7-226c-491c-bd1d-983d596808a1
ca0f8e4e-f812-44a1-998f-cbd6d5662c88
b47b5bd5-fc73-4761-b660-0fb7baa3ad4e
e9f7952d-9ef9-4e3a-baaa-b0a1b6ae1a13
3ef3e02b-34f4-4953-9f6f-edfa645b8f6b
f3db5a52-7146-483f-972e-0526689cf534
91607212-5040-4692-b379-c7986ccf9dbf
3dc3ff83-5e2a-471c-b81d-8c66351a2de7
d346303e-25da-430c-8c3a-183ebd8017a3
b7c8549b-11d0-497c-b3b3-da5c7310ab37
ff254f24-16db-4c2f-a2a1-6816d1245161
dba74275-de5c-40b5-8b54-8b22ed5132bb
aaed54cd-f1d7-4d86-b918-976b99e565ef
b2ba7dad-2bec-4563-ada1-49da9b899201
f7f4d27a-6357-4f1b-b7b1-6decd9319c1e
50fdf2fd-0d55-4f6f-bc6d-3ed56fec779d
919de536-37c7-4d9c-95b5-f6598755a0ed
c3176161-d5f1-4efd-aba0-7816c5f18c8b
f9973f58-dd65-4a16-980a-4fe0ad5202f3
ad451ca9-b68f-4652-aaad-b5715708304e
8cd832fe-38ea-454d-bae2-29f9bc9dfa53
170fd906-4427-42a7-ad8c-5a00e21795da
2b156443-d37c-4c5e-abdf-d077e26b75d6
0a230209-edfa-4314-b580-cba7d988bf2c
3a7b72e7-48f9-49d8-a689-206ffd537330
cd6dce26-eced-4426-8c0b-3bf505f61b67
428087a3-30f7-47d3-a201-cc003261ba41
2cef52df-2fc7-40f9-8541-7e53e7f23644
e4432c29-2958-4509-8b4c-1c51ffb32fec
0f2a178c-8784-47f6-aea0-e59126ee5a0f
0a3799ed-57d3-4583-b0af-aaace1f8ff36
a4872878-1bdb-46c6-a86a-a2df381dfe81
cce72be2-1453-430d-bddf-b710356e0c65
490e9580-0ed9-4105-971d-74dce12e07c9
1edb8d62-d314-4301-aca2-8402b6042ddc
1d812d22-815f-4ee7-a366-9f3f621a2d86
164c0e81-a962-42d8-8f4b-e70aa727d5a9
b5600b24-8bd0-451f-9cd0-87fcf679170e
62ab9149-31a3-47bc-9938-0d72a3671047
0bd2dc3d-20a9-4415-a11e-9077df687681
3c970d42-6c97-4fab-a441-993f602b5a08
1d904dd4-77f0-4bb0-ad30-556a3b1eb071
f08b6529-d588-47c3-99ea-1466e748e5d5
07c2dd82-e5a9-4245-9cfb-77dd61140ee7
ac568455-e4af-4ffe-9276-dc0ad2bb160e
fd47c614-d235-4268-b274-5c4686879596
3d851072-80ad-4ff1-a029-b9b94dcc52b6
5c897ef1-8b3b-43a5-b575-6829bc5d303b
a01bf626-b859-4c7a-834b-7cf90c51e454
b053855a-5535-4410-baa7-1e0752617266
d8937819-b5a4-4a1c-9474-d5ce8adc02d9
a453c3c5-ba49-4c63-a9bb-57afeb905775
7bc76595-e8a1-48bf-85c3-ecf982591b9f
04bf1ee4-028d-44cc-81cf-56aaf7163f66
5863184a-94db-444c-9a36-97c495d5b312
10ea4102-d1fa-40e9-9fe1-6cbfda06a590
f7b35f11-765b-41a5-bf1a-a407f6cb7411
0460439c-b8ed-4a7b-96dc-a126ab2f7292
83628df4-164c-49a6-8a8e-f29e1bf591cb
41661484-3c2b-4ae8-8917-92148750f432
14b6167d-eea9-4553-9dd8-5df0885ec93e
88605c15-0213-4a9c-a07f-26f59ae42f22
8c40db1b-23ae-41a2-bdaf-92a3a1caadd6
6f5e2c29-d68c-4518-90b1-191112ee1741
302d75b6-4f1c-41cb-8edc-bbb30bab1b12
558080ee-6103-45b1-8e83-adc3a00966d8
02addad4-15ef-4096-86f6-653a2e8ac503
7fd8b066-3b8a-44d6-9f33-37d89f4e7e1c
8f8448ce-049d-4657-9a6d-545299bca714
b2ac8378-7095-4745-968c-815d435842f8
bd37c336-447b-4fb9-a01c-931e883a0e47
11a3932d-1ef2-4b08-bbcd-6ea7f9e59f41
79b5b11d-5dce-486f-bdbd-d531bab09eb3
f80f6adb-0a30-47f2-92bc-e1fbc76f53db
648ff7c7-d679-413e-9bbd-c5dedc8660e1
7fe31ddc-0308-41f2-aae3-45b2a447fd9f
592c3cf4-d278-42ab-923a-d85c0fe73a8f
affcb54b-8d4c-4771-91f2-b5630009d538
a4e301e5-ca2e-4ae1-b990-fb2742ea30bb
782a9c7b-3e8c-440a-9263-45f9aaa0ec10
44737a6a-1e63-4f19-b048-1985367ef6dd
478171fb-1cd7-465f-a9f5-6867799e85d8
846c0574-c3d5-434f-91be-c3d5f14b1031
95b64957-7e90-42fa-a4fb-a5ab980316da
c47e10bf-5dd1-4b19-801b-1b33da2090c5
7dd09f22-c056-48dd-9203-30da12dce0cb
5e946bab-3f9a-478c-9f13-960a94494a50
db2b3374-eae9-493f-aa91-03c3ac26fde2
beb26856-d9d9-4706-a2e1-50fef9602609
90fda500-e914-4437-9da5-fbcd89066145
212fd113-fa3b-489c-b943-1b019feecb89
87aef2a6-9348-4005-a0a1-7ff278312cd3
f7ec6ef4-2356-433b-93f5-ef64a94be424
36b9335d-19ac-4d03-9eb8-dae92dbc6599
041ad8de-2f1c-423f-bdec-2a1e8fa1f29c
489b0eb2-f68a-4dc8-b824-4c851ceb0238
2f7ba4be-4bb7-4825-be72-f211eef9c02b
2f54a0ab-fb09-4873-b496-141a593e2dea
e7f60d38-bf75-44de-8fbf-c50aa6013899
4e594dd9-3847-4f21-86df-eca00e13eb6e
1f64592c-b758-4712-9070-3363994303d6
ae48d6b3-f412-4c04-bd13-9c94ac5b0037
7f4d315c-d7b2-4e24-a47a-696e2330fb8b
8403c4d6-40f7-4d91-8460-69b9d99ddfc2
4893b12c-6563-40b6-9f14-63c616c8f2e3
3e4c09d8-c05b-4a57-87d6-fb12f43fcba7
548df632-6471-4141-a7d9-595dd498aa59
493c9d03-3235-4e1e-8428-15ed69996222
192a7db8-4f57-4508-950c-cd3684f3e480
36c9bc98-083a-460d-bd74-83fd9992119c
d526f712-9ce1-45ea-8243-a565d6720d9c
9feab44c-4b67-4856-884b-620616b5d172
9a5e4eb2-8dba-41da-85af-d24d72f5ef3f
c5c904f4-ee2f-4c67-bede-4bad22607d4c
f2e8f209-2723-439d-a6bd-9a7d53627803
442c1549-6b48-4aaa-812f-7c95bf7e3b34
5deda542-c067-4bea-bb54-05b9f176893a
b72ae126-efd7-48cc-9553-cd5edf530cad
54462e51-7052-4ac1-9e48-f1165bd9bfb3
9fd2e167-98ab-4532-bc7c-84c133a515f5
642cb630-6389-4a37-b188-29f449f17b55
71c7c629-9b6d-4664-aad6-971602b8eb54
cc7d4f1c-dbd0-49ab-8e40-b1fcf98d0147
9f4eb978-a652-4663-b963-837ab7c7f5a9
34053e41-8c92-49b5-a8a2-cce72a443b78
88c60674-5f63-4f24-ac67-00cbbc9ab536
0713dc09-998e-4a14-9b5d-1b220b486b15
28b5f0eb-4df2-4ded-b8c3-4f1ba129d1d5
00e017f0-0d17-4b7e-aaf0-61edee7a6106
8dbf69fd-5b05-4d26-a583-a5b73fd35afa
23aecd51-d529-4483-a0ce-cb1a2d98d807
155a0d36-861b-4f59-ba3d-f6cab5832609
a8ff6a1c-b8e8-4293-b999-88c6998c24ae
95df24e6-7ec3-468d-b636-7ff3724ff157
ca97ad0a-b395-4746-860f-c5f22ae85b40
2e784c66-b86f-41b3-9c42-1a10ecb61e73
a4493068-a78f-47f9-8c66-f9c46ebc46f6
df6f0eef-a826-4d0e-b831-e3c02cf5c2b2
74821636-18fa-41d4-a960-23dbc0cfcb2b
1743bd81-d967-47fc-9547-a4b4cc7b67cd
77d2f634-07d9-4758-9e97-1695004a90c1
e7dfe796-139e-4e75-8dc4-b1c7dcc0a74e
8140a342-2fa4-4a7a-ae63-06cfcfb2a89c
ad16c39a-e5ae-4212-9c1a-13a8b7e7f77e
212e11ab-69ac-41ed-a4ac-2dcf2ade7f4b
1ac8154b-676d-4e74-b9e9-efea7da42169
f89bcaf6-b1b5-43a8-9ac7-12be1fcfcac7
0b6c16d2-70fe-4464-a79a-8f732f580fec
7d7e1e45-5115-4b57-8187-fa79a50811c2
7cc8c35b-e38a-4c2b-8c88-21e49378b993
144b04d3-7809-40e8-94a3-4f26b6789178
b5b13b04-7964-45b3-90d0-401d65cc29e6
31a51851-f554-44a4-bdd3-5e52220696d6
4d5bd2b0-ede0-4111-a25d-066666edf813
c2fc5732-f1e4-4bd8-b685-a42d34839fff
81315ea8-f200-4561-a125-54a4a155b968
547b7af3-c1f4-4162-ad79-4f520f82fa3b
8429b638-bd52-4887-a7ca-649d6f459be1
a66206b7-57eb-40d3-9331-ce207bf5e4db
0ac5a053-239f-466b-8123-d532124bbfc0
ba5411e9-6569-45a1-aa42-71423c95eddd
431617ad-a363-481b-bcdc-6a2e6648e611
72fe89a2-9283-43ad-a896-8bc3cb5bc0c6
a76df6f0-5277-47d4-8a7b-dacd16ad33b0
b4df3052-bb91-441b-b99b-c5d3779db7af
f70ecee9-a692-4893-a314-0ee9af38c5e7
4b009a25-91ba-48d7-b82b-dc2e93ecf4e3
0de294bd-0c05-484a-bf69-00ae0d0b6b41
26a1de55-1ccd-4bdd-8972-b4aa51e668d1
54d258f9-4b73-46f8-ae01-83dd99bc817b
6febd939-9d01-446e-aafe-5532f826057d
2476bf75-18e0-45e1-9b48-23ee1543e5eb
bad71d2e-3d6c-4052-a7a9-ae1a36ebf8ae
b4fac325-34dd-4494-9cc8-5bc7f1512290
23cbf0bc-35c3-4117-8b30-bb60f7e5ccc1
a993b7ed-3dcd-4ea4-8cfe-4d25bda866de
59adefa1-5185-41bf-989e-0188d19f09f1
abdfa3b2-9fa1-4d58-966f-6a1f73a2a7f8
f79fb8a3-f8a8-4bb3-adf7-89b21ddf84d0
b3864117-5d88-44a8-995d-dce9276dd2d7
4f7e384f-68ae-4d25-bfe7-d8f7b2e2a3b1
826df86b-8b3b-45ae-85a3-17940aa347b6
77c795d5-5eaf-4559-a1e8-19b3532c261e
6958425b-f732-42b6-8b01-2491466c69c6
61fc13e0-a987-4407-a6c5-54c4774cedd4
c1f8493f-ed7a-412d-9a63-66d4b36764f0
1500a882-2c89-4e5b-80b7-c7690fbbf9bf
86071f4b-b3e1-44f3-b826-2054a85ea7a8
e4ce94ea-017e-444f-98ad-98dc6d0c6d5e
f96335e3-8a9d-4713-b19f-a4a50e06b599
2d049772-b35e-451d-8c4b-730add7675f0
d09be146-2391-49d7-b963-312f672e2a70
b85982f5-581c-4161-a7b3-b2c21789002a
8b7ba2e0-49ee-42f6-9dc5-f0be649993dd
2e4a7a92-2acc-4486-a79b-bb431b56a010
2fa95588-3f5e-40a9-ba3c-8578e9dfe5d3
a5b40e2e-65d9-43b4-9123-0c25502cce88
71d33803-8267-480f-a990-06a0ffdf3eb1
7333c4f6-644d-47b2-a74b-8b81abd437c4
95d518ac-a39d-45c8-aac4-5fa72afb8824
c21ec149-51a6-4966-bb4d-58359ff373c4
de71be04-2016-4359-a8c4-cbae1acf4bc5
c807d390-1b97-4f07-96c8-0694145aef02
fce568a8-dfb5-45da-9b00-1e7bca322247
abee1128-0657-4081-8f7f-f10ca668ca86
38a2b2c5-59e7-4701-8d3e-60ba64af069d
3ad7514d-26f0-4b14-8695-1f52f347f4c1
3bea8ff3-a432-4731-8745-1ace1effeca6
c3dc1de3-09e0-4388-821b-fdbb07eeeff1
3c14148b-3b05-4ff7-b631-b1a79df2dbcb
25e9fc9c-2cf8-457e-9f37-a9252c5ee80b
76861871-c4e3-4876-8c85-e082d4fdf905
9827aa3e-84de-43f4-bb74-d4cadd1d2522
35632c60-955b-4d49-af0b-15eceb78b49a
e8c575a3-7d29-4f58-a902-8eae839cc16e
fbb94488-97cf-4402-83ba-b6f9ce106da1
f0e78b13-0780-4ff7-bfca-40553a977a62
57a08199-e480-418b-89f9-fb60ebdfc106
81a9de9b-f6d7-446b-9ad6-02c4a6e95936
e610f066-4ce2-451f-a402-454fa7170a17
ccbe3d92-fa23-4dc7-9a1f-71216af6e613
d58dcd35-f134-4529-ba07-ea8de78ad6cf
970fc81f-6cf5-4efa-9244-18797335e0f8
b4843b34-63aa-4a21-8c70-13a7a438fa97
8f6524ac-6c1a-4b02-9925-6c51ad02b0d0
74f522c0-119b-45d4-9c2f-2863d51f5d42
c7ba6aa6-ec81-4cb1-b1cf-8a16fdc9245f
91563409-57c7-4a20-ada6-a31ef348ab95
783991f3-6251-4bb9-b518-6864e235ecc8
f723baba-e607-4532-8271-63d207874dc4
2cb11992-b82d-4d1c-89cd-f511841af6eb
c94072a2-4843-4eda-8c8f-c543c4ae6e48
77513c5f-dcd1-4dd6-94c6-8ba0bcf19c9e
92b670e4-a5f1-41e9-a4be-5d0f554ee838
ac68d6e5-7748-479d-adc6-ed7489a152b5
9d45cb99-86af-44e1-a608-e9875b9f6cce
18a968b2-4415-4872-8269-23290ede0e4d
9a7b3d54-1c3a-4300-9611-238c917db44d
52f9b50d-8257-4ad0-a1ab-4b8940bde929
32aa7978-7069-44d8-a371-e4090d285b07
17c2efca-8de6-4294-8efc-56a2c720a515
103dcfd8-fc1d-49c2-abfa-cf2889d73495
18956d15-aeaf-4935-8abd-02d961a1b8ec
13d06af4-0486-4437-900e-0748719a762f
5b61e405-7a39-4b65-96ce-99340ba97c43
03633ac7-07f6-4ed3-bdc6-0e16e900bdc7
6796d1ff-0ddd-4b50-a0bb-a7ed0c5be647
697057b1-6f9c-413d-b0cf-f5653b2a985d
effc7783-e36d-4179-be68-90b93ece8b12
3c137d5d-6c56-4a0d-8897-9ead417aad36
e562958f-d7c6-429b-8911-f1680efe6975
5236fb7a-ee80-426d-86a2-727f252d1693
5fcad31b-75c7-4d06-9102-6452bc284bed
4da92727-9090-4486-8d28-9ed0a2bead7d
244ee55a-803c-4a0f-a439-dbfa16c87556
2d26f2c7-1431-4f15-ac0f-47ecdcd7fcad
520b8115-51f8-4a96-9f39-0beb0548d4fd
cd604c6d-5fe7-469a-8b86-1563075a7e29
29b78107-5ab3-4703-a1a7-a479d4da3ee4
b4a6344e-d7ac-4463-9fd8-5454d76e3484
caa4cfa1-818c-41e8-81b7-8a6feaee4be5
0c471534-733f-4678-a255-b40bc9da4c27
488e7883-c3a2-492c-b19c-b4b2aaa9e0e7
25a00895-9224-402d-bca0-e09f2e865e76
af72d3ea-2520-4319-a7fd-29b15752eec7
f8e22bc1-4377-4d3a-b94e-9f76363fd568
9d731de5-b7b5-4575-af33-4fd6ee55bc43
bce91a73-d262-4531-86b8-efb76b7d7761
7b9171f5-b8ec-4117-80a1-b9e17bcd2fbe
36a0393a-fe5b-4ac2-ae9c-8c684e4ac034
572b9e04-e46b-4f50-b0ab-2ede3ff4a087
ce964c87-abe0-4cf1-9edf-940f1f927287
6c1f6cfa-2005-4727-8d5f-617f7d8d0c46
7a0cc225-7852-4b41-9677-cba0afddc94d
d64eb386-dfba-4922-8232-8eae971db735
6cb24d23-63f6-40cb-b606-5af8253fb0c3
1731584b-a73e-4259-a5f3-9fb10b908a7f
94cbadb6-505e-4eb4-9347-a3ef07e2ddfb
c80ad7c1-628c-4087-9cad-6b582092fed9
0f60e6e0-62b6-4c84-9718-c4280311c693
cd4fbee2-dc98-4fcf-8521-0cfeb7777e4f
10d293f8-532c-416c-9ac5-3cade27fd950
b3490cb1-b83d-4536-99e0-6ff1d26c2059
968d892e-b57f-4476-8e5c-60681306ebe8
9c1979b1-7951-4876-b66b-6377ed51c9b0
6bc5144e-3b3b-48a9-81f6-ef55892bb0be
f76d66de-aefb-45a1-aeee-1c27fcafc2b1
5e293726-06bd-4285-a557-4ce7d9637d55
8c2561cf-999f-4611-80ea-10a39780c251
3c6ab3d1-0c9a-40f4-921a-01047c345d25
23837f9e-ebef-4a5f-a51d-fbf675ed163f
12f08293-a005-4ba4-9bb9-0dd5634b94fb
219af644-789f-4707-9f66-32b33ff99b39
077231ad-14b4-49d3-a602-2c011125d29b
3a6ae88e-efad-44e8-a5bd-1ae9faa74bf2
ab6eb085-efef-4575-9142-10df5ac50364
533f87da-de08-4461-af67-28ef9d546da4
ee10d629-c1bb-4b18-9826-58f95324b723
7e1bf63b-aa68-4d4a-a6f6-cfeed9a0e182
13d49ea5-2ea2-4e0b-94a2-568655daacbe
6ea49294-f76c-4449-a383-b0a19966d126
71358493-cd5c-4f25-bee3-83f5020b0422
3cd6b49f-daac-4090-8255-241de1820bb3
2a98518c-5967-4694-a820-259566ed9289
15572d9e-26f8-4e05-9abb-7d4d60b16714
625b0d06-a8a1-4358-91b1-cb4afb7f68a2
8ac28d36-5ebf-42d7-a3fc-976b8047c269
3e22b027-6283-42d1-8e4e-8a75ea15b5b2
6a3732d0-c2b3-4fa9-a321-99782c2c0cf4
9fba6828-1f71-4ffa-974f-1dd36dcbc68d
1507a058-e8a0-487a-947e-c79fdae671d1
78c717e5-02c5-4b9e-a783-84f69a3808bf
99071864-6582-477b-a593-63479e66da42
ceb97a3e-6fe1-4f4d-abb3-fe77c684891f
b6ba679a-f5b0-45bd-b23e-1e5549349e3f
d5f64785-c1f0-4b54-a4f2-17d3ab6c7b18
48c84361-7a4e-412e-83b5-d95a4990bee5
dce6f77b-7245-42ed-89d9-0f058807b09b
57ec112f-11d2-4934-b372-49a3a288bb78
f9592a65-7b8f-4280-a00e-a90956aa8a77
28adbfd5-58c9-4960-9c38-0a5af2c036f2
917d8114-9ffc-452e-b388-6ec9bbfd0189
b0adf848-99bc-463b-88fa-a4d4d680cf8f
2d8151cd-c97b-444e-b15d-c7834af0b087
c7741253-c92b-45d1-be03-a793367ab0de
13a6ba75-09b3-4381-8a7d-20ad86445ac6
f5de7c10-acdd-4d8e-bce0-edaa29f4e3fc
5160c2c5-c3de-43b9-9489-b19ded614c53
df6125ae-4898-4db1-8f2e-e24d636c2dd3
aa7030ec-b670-4f31-8d86-e3e600c7c33e
786f9b21-d122-4495-9526-2c66fbab4bff
d2bb9fe0-b276-487d-9848-4d98e6daead8
af5ccb78-e490-4343-8734-6b070b51142d
62205c9c-d1af-44bc-a45d-0ba063185e1c
a55bb124-993d-4f5c-8f83-c5211eb150ab
8abe1d87-0c5f-461e-a627-ce28778e4311
b948e661-363c-4ef8-9f9c-af040e61ec52
8816674e-8869-4b35-afed-508106c4065f
8d1202d1-0b4b-477e-981b-1eee6498c48e
a2180d75-d01c-4ca4-9a06-3f7b63b14bc9
f1103f38-63db-4ab4-a8f5-376fa44975dc
9aaabcc8-67db-4f75-bd62-f7837c3e2b00
fa230a14-bb81-436b-bded-1c30813e2573
65a432c7-8a91-464f-8bd0-6024c7f8142e
3a0a9042-0916-4009-b934-dff7cbd055bd
a0de27ce-8549-4c6c-af85-9b23d96806db
7aff0895-33a8-4cf3-a224-41f0e57c745e
]]></system-out>
  </testcase>
</testsuite>