<?xml version="1.0" encoding="UTF-8"?>
<testsuite xmlns:xsi="http://www.w3.org/2001/XMLSchema-instance" xsi:noNamespaceSchemaLocation="https://maven.apache.org/surefire/maven-surefire-plugin/xsd/surefire-test-report.xsd" version="3.0.2" name="com.banxia.TliasWebManagementApplicationTests" time="2.689" tests="1" errors="0" skipped="0" failures="0">
  <properties>
[...]
</properties>
  <testcase name="contextLoads" classname="com.banxia.TliasWebManagementApplicationTests" time="0.548">
    <system-out><![CDATA[2025-05-26 18:53:44.543 [main] INFO  o.s.t.c.support.AnnotationConfigContextLoaderUtils - Could not detect default configuration classes for test class [com.banxia.TliasWebManagementApplicationTests]: TliasWebManagementApplicationTests does not declare any static, non-private, non-final, nested classes annotated with @Configuration.
2025-05-26 18:53:44.627 [main] INFO  o.s.b.t.context.SpringBootTestContextBootstrapper - Found @SpringBootConfiguration com.banxia.TliasWebManagementApplication for test class com.banxia.TliasWebManagementApplicationTests

  .   ____          _            __ _ _
 /\\ / ___'_ __ _ _(_)_ __  __ _ \ \ \ \
( ( )\___ | '_ | '_| | '_ \/ _` | \ \ \ \
 \\/  ___)| |_)| | | | | || (_| |  ) ) ) )
  '  |____| .__|_| |_|_| |_\__, | / / / /
 =========|_|==============|___/=/_/_/_/

 :: Spring Boot ::                (v3.4.4)

2025-05-26 18:53:44.934 [main] INFO  com.banxia.TliasWebManagementApplicationTests - Starting TliasWebManagementApplicationTests using Java 18.0.2.1 with PID 32532 (started by _ban_xia_ in C:\Users\19432\OneDrive\notes\JavaWeb\SpringBoot_Web\SpringWeb\tlias-web-management)
2025-05-26 18:53:44.935 [main] INFO  com.banxia.TliasWebManagementApplicationTests - No active profile set, falling back to 1 default profile: "default"
Logging initialized using 'class org.apache.ibatis.logging.stdout.StdOutImpl' adapter.


,------.                           ,--.  ,--.         ,--.                         
|  .--. '  ,--,--.  ,---.   ,---.  |  '--'  |  ,---.  |  |  ,---.   ,---.  ,--.--. 
|  '--' | ' ,-.  | | .-. | | .-. : |  .--.  | | .-. : |  | | .-. | | .-. : |  .--' 
|  | --'  \ '-'  | ' '-' ' \   --. |  |  |  | \   --. |  | | '-' ' \   --. |  |    
`--'       `--`--' .`-  /   `----' `--'  `--'  `----' `--' |  |-'   `----' `--'    
                   `---'                                   `--'                        is intercepting.

2025-05-26 18:53:46.497 [main] INFO  com.banxia.TliasWebManagementApplicationTests - Started TliasWebManagementApplicationTests in 1.774 seconds (process running for 2.774)
]]></system-out>
  </testcase>
</testsuite>